#
# There is insufficient memory for the Java Runtime Environment to continue.
# Native memory allocation (malloc) failed to allocate 243424 bytes. Error detail: Chunk::new
# Possible reasons:
#   The system is out of physical RAM or swap space
#   This process is running with CompressedOops enabled, and the Java Heap may be blocking the growth of the native heap
# Possible solutions:
#   Reduce memory load on the system
#   Increase physical memory or swap space
#   Check if swap backing store is full
#   Decrease Java heap size (-Xmx/-Xms)
#   Decrease number of Java threads
#   Decrease Java thread stack sizes (-Xss)
#   Set larger code cache with -XX:ReservedCodeCacheSize=
#   JVM is running with Unscaled Compressed Oops mode in which the Java heap is
#     placed in the first 4GB address space. The Java Heap base address is the
#     maximum limit for the native heap growth. Please use -XX:HeapBaseMinAddress
#     to set the Java Heap base and to place the Java Heap above 4GB virtual address.
# This output file may be truncated or incomplete.
#
#  Out of Memory Error (arena.cpp:168), pid=16220, tid=21728
#
# JRE version: OpenJDK Runtime Environment Temurin-21.0.8+9 (21.0.8+9) (build 21.0.8+9-LTS)
# Java VM: OpenJDK 64-Bit Server VM Temurin-21.0.8+9 (21.0.8+9-LTS, mixed mode, sharing, tiered, compressed oops, compressed class ptrs, parallel gc, windows-amd64)
# No core dump will be written. Minidumps are not enabled by default on client versions of Windows
#

---------------  S U M M A R Y ------------

Command Line: --add-modules=ALL-SYSTEM --add-opens=java.base/java.util=ALL-UNNAMED --add-opens=java.base/java.lang=ALL-UNNAMED --add-opens=java.base/sun.nio.fs=ALL-UNNAMED -Declipse.application=org.eclipse.jdt.ls.core.id1 -Dosgi.bundles.defaultStartLevel=4 -Declipse.product=org.eclipse.jdt.ls.core.product -Djava.import.generatesMetadataFilesAtProjectRoot=false -DDetectVMInstallationsJob.disabled=true -Dfile.encoding=utf8 -XX:+UseParallelGC -XX:GCTimeRatio=4 -XX:AdaptiveSizePolicyWeight=90 -Dsun.zip.disableMemoryMapping=true -Xmx2G -Xms100m -Xlog:disable -javaagent:c:\Users\aksar\.vscode\extensions\redhat.java-1.47.0-win32-x64\lombok\lombok-1.18.39-4050.jar -XX:+HeapDumpOnOutOfMemoryError -XX:HeapDumpPath=c:\Users\aksar\AppData\Roaming\Code\User\workspaceStorage\3f7f6bfb4b23ee495e79101ab5641bd4\redhat.java -Daether.dependencyCollector.impl=bf c:\Users\aksar\.vscode\extensions\redhat.java-1.47.0-win32-x64\server\plugins\org.eclipse.equinox.launcher_1.7.100.v20251014-1222.jar -configuration c:\Users\aksar\AppData\Roaming\Code\User\globalStorage\redhat.java\1.47.0\config_win -data c:\Users\aksar\AppData\Roaming\Code\User\workspaceStorage\3f7f6bfb4b23ee495e79101ab5641bd4\redhat.java\jdt_ws --pipe=\\.\pipe\lsp-68c28617309beda529490bf406cec378-sock

Host: 11th Gen Intel(R) Core(TM) i5-11400H @ 2.70GHz, 12 cores, 15G,  Windows 11 , 64 bit Build 26100 (10.0.26100.5074)
Time: Mon Nov 17 10:58:14 2025 Türkiye Standart Saati elapsed time: 11.154924 seconds (0d 0h 0m 11s)

---------------  T H R E A D  ---------------

Current thread (0x000001b4f42209d0):  JavaThread "C2 CompilerThread2" daemon [_thread_in_native, id=21728, stack(0x00000029e7200000,0x00000029e7300000) (1024K)]


Current CompileTask:
C2:11154 1991       4       java.util.zip.ZipFile::getZipEntry (322 bytes)

Stack: [0x00000029e7200000,0x00000029e7300000]
Native frames: (J=compiled Java code, j=interpreted, Vv=VM code, C=native code)
V  [jvm.dll+0x6d2449]
V  [jvm.dll+0x8ae341]
V  [jvm.dll+0x8b08be]
V  [jvm.dll+0x8b0fa3]
V  [jvm.dll+0x280c96]
V  [jvm.dll+0xc581d]
V  [jvm.dll+0xc5d53]
V  [jvm.dll+0x3b919c]
V  [jvm.dll+0x385315]
V  [jvm.dll+0x38477a]
V  [jvm.dll+0x248ed0]
V  [jvm.dll+0x2484af]
V  [jvm.dll+0x1c89ee]
V  [jvm.dll+0x257d4d]
V  [jvm.dll+0x2562ea]
V  [jvm.dll+0x3f2d16]
V  [jvm.dll+0x857e6b]
V  [jvm.dll+0x6d0b0d]
C  [ucrtbase.dll+0x37b0]
C  [KERNEL32.DLL+0x2e8d7]
C  [ntdll.dll+0x8d9c]


---------------  P R O C E S S  ---------------

Threads class SMR info:
_java_thread_list=0x000001b4f4b259b0, length=17, elements={
0x000001b4939ac0b0, 0x000001b495e77cd0, 0x000001b495e78880, 0x000001b4ac86df80,
0x000001b495e79fd0, 0x000001b495e7db00, 0x000001b495e7ff50, 0x000001b495e8a5b0,
0x000001b4eebe1f80, 0x000001b4eeccc6e0, 0x000001b4eee64f90, 0x000001b4eedc5940,
0x000001b4f42209d0, 0x000001b4f497be10, 0x000001b4f455b0d0, 0x000001b4f409d3e0,
0x000001b4f4964970
}

Java Threads: ( => current thread )
  0x000001b4939ac0b0 JavaThread "main"                              [_thread_blocked, id=35072, stack(0x00000029e6300000,0x00000029e6400000) (1024K)]
  0x000001b495e77cd0 JavaThread "Reference Handler"          daemon [_thread_blocked, id=9608, stack(0x00000029e6700000,0x00000029e6800000) (1024K)]
  0x000001b495e78880 JavaThread "Finalizer"                  daemon [_thread_blocked, id=27684, stack(0x00000029e6800000,0x00000029e6900000) (1024K)]
  0x000001b4ac86df80 JavaThread "Signal Dispatcher"          daemon [_thread_blocked, id=7892, stack(0x00000029e6900000,0x00000029e6a00000) (1024K)]
  0x000001b495e79fd0 JavaThread "Attach Listener"            daemon [_thread_blocked, id=11132, stack(0x00000029e6a00000,0x00000029e6b00000) (1024K)]
  0x000001b495e7db00 JavaThread "Service Thread"             daemon [_thread_blocked, id=17568, stack(0x00000029e6b00000,0x00000029e6c00000) (1024K)]
  0x000001b495e7ff50 JavaThread "Monitor Deflation Thread"   daemon [_thread_blocked, id=228, stack(0x00000029e6c00000,0x00000029e6d00000) (1024K)]
  0x000001b495e8a5b0 JavaThread "C2 CompilerThread0"         daemon [_thread_in_native, id=15964, stack(0x00000029e6d00000,0x00000029e6e00000) (1024K)]
  0x000001b4eebe1f80 JavaThread "C1 CompilerThread0"         daemon [_thread_blocked, id=12840, stack(0x00000029e6e00000,0x00000029e6f00000) (1024K)]
  0x000001b4eeccc6e0 JavaThread "Common-Cleaner"             daemon [_thread_blocked, id=13876, stack(0x00000029e6f00000,0x00000029e7000000) (1024K)]
  0x000001b4eee64f90 JavaThread "Notification Thread"        daemon [_thread_blocked, id=26252, stack(0x00000029e7100000,0x00000029e7200000) (1024K)]
  0x000001b4eedc5940 JavaThread "C2 CompilerThread1"         daemon [_thread_in_native, id=33660, stack(0x00000029e7000000,0x00000029e7100000) (1024K)]
=>0x000001b4f42209d0 JavaThread "C2 CompilerThread2"         daemon [_thread_in_native, id=21728, stack(0x00000029e7200000,0x00000029e7300000) (1024K)]
  0x000001b4f497be10 JavaThread "Active Thread: Equinox Container: cc127f76-4548-47b0-9be8-fe1e5914b6d4"        [_thread_blocked, id=26096, stack(0x00000029e7900000,0x00000029e7a00000) (1024K)]
  0x000001b4f455b0d0 JavaThread "Refresh Thread: Equinox Container: cc127f76-4548-47b0-9be8-fe1e5914b6d4" daemon [_thread_blocked, id=11968, stack(0x00000029e7a00000,0x00000029e7b00000) (1024K)]
  0x000001b4f409d3e0 JavaThread "Framework Event Dispatcher: Equinox Container: cc127f76-4548-47b0-9be8-fe1e5914b6d4" daemon [_thread_blocked, id=17436, stack(0x00000029e7c00000,0x00000029e7d00000) (1024K)]
  0x000001b4f4964970 JavaThread "Start Level: Equinox Container: cc127f76-4548-47b0-9be8-fe1e5914b6d4" daemon [_thread_in_Java, id=9020, stack(0x00000029e7d00000,0x00000029e7e00000) (1024K)]
Total: 17

Other Threads:
  0x000001b495e70990 VMThread "VM Thread"                           [id=7572, stack(0x00000029e6600000,0x00000029e6700000) (1024K)]
  0x000001b495e3ee80 WatcherThread "VM Periodic Task Thread"        [id=7080, stack(0x00000029e6500000,0x00000029e6600000) (1024K)]
  0x000001b495df1930 WorkerThread "GC Thread#0"                     [id=23912, stack(0x00000029e6400000,0x00000029e6500000) (1024K)]
  0x000001b4f42da720 WorkerThread "GC Thread#1"                     [id=18208, stack(0x00000029e7300000,0x00000029e7400000) (1024K)]
  0x000001b4f42daac0 WorkerThread "GC Thread#2"                     [id=15388, stack(0x00000029e7400000,0x00000029e7500000) (1024K)]
  0x000001b4f42dae60 WorkerThread "GC Thread#3"                     [id=21984, stack(0x00000029e7500000,0x00000029e7600000) (1024K)]
  0x000001b4f4342450 WorkerThread "GC Thread#4"                     [id=4668, stack(0x00000029e7600000,0x00000029e7700000) (1024K)]
  0x000001b4f43427f0 WorkerThread "GC Thread#5"                     [id=17904, stack(0x00000029e7700000,0x00000029e7800000) (1024K)]
  0x000001b4f4342b90 WorkerThread "GC Thread#6"                     [id=31636, stack(0x00000029e7800000,0x00000029e7900000) (1024K)]
  0x000001b4eec17590 WorkerThread "GC Thread#7"                     [id=26580, stack(0x00000029e7b00000,0x00000029e7c00000) (1024K)]
Total: 10

Threads with active compile tasks:
C2 CompilerThread0  13195 2027       4       java.lang.String::<init> (99 bytes)
C2 CompilerThread1  13195 1996       4       java.util.zip.ZipFile$ZipEntryIterator::nextElement (5 bytes)
C2 CompilerThread2  13195 1991       4       java.util.zip.ZipFile::getZipEntry (322 bytes)
Total: 3

VM state: not at safepoint (normal execution)

VM Mutex/Monitor currently owned by a thread: None

Heap address: 0x0000000080000000, size: 2048 MB, Compressed Oops mode: 32-bit

CDS archive(s) mapped at: [0x000001b4ad000000-0x000001b4adba0000-0x000001b4adba0000), size 12189696, SharedBaseAddress: 0x000001b4ad000000, ArchiveRelocationMode: 1.
Compressed class space mapped at: 0x000001b4ae000000-0x000001b4ee000000, reserved size: 1073741824
Narrow klass base: 0x000001b4ad000000, Narrow klass shift: 0, Narrow klass range: 0x100000000

GC Precious Log:
 CardTable entry size: 512
 CPUs: 12 total, 12 available
 Memory: 16105M
 Large Page Support: Disabled
 NUMA Support: Disabled
 Compressed Oops: Enabled (32-bit)
 Alignments: Space 512K, Generation 512K, Heap 2M
 Heap Min Capacity: 100M
 Heap Initial Capacity: 100M
 Heap Max Capacity: 2G
 Pre-touch: Disabled
 Parallel Workers: 10

Heap:
 PSYoungGen      total 29696K, used 22625K [0x00000000d5580000, 0x00000000d7680000, 0x0000000100000000)
  eden space 25600K, 72% used [0x00000000d5580000,0x00000000d679ec80,0x00000000d6e80000)
  from space 4096K, 99% used [0x00000000d7280000,0x00000000d7679820,0x00000000d7680000)
  to   space 4096K, 0% used [0x00000000d6e80000,0x00000000d6e80000,0x00000000d7280000)
 ParOldGen       total 68608K, used 1808K [0x0000000080000000, 0x0000000084300000, 0x00000000d5580000)
  object space 68608K, 2% used [0x0000000080000000,0x00000000801c4190,0x0000000084300000)
 Metaspace       used 9343K, committed 9664K, reserved 1114112K
  class space    used 1011K, committed 1152K, reserved 1048576K

Card table byte_map: [0x000001b495770000,0x000001b495b80000] _byte_map_base: 0x000001b495370000

Marking Bits: (ParMarkBitMap*) 0x00007ff8abd2a340
 Begin Bits: [0x000001b4a8270000, 0x000001b4aa270000)
 End Bits:   [0x000001b4aa270000, 0x000001b4ac270000)

Polling page: 0x000001b493ca0000

Metaspace:

Usage:
  Non-class:      8.14 MB used.
      Class:   1011.65 KB used.
       Both:      9.12 MB used.

Virtual space:
  Non-class space:       64.00 MB reserved,       8.31 MB ( 13%) committed,  1 nodes.
      Class space:        1.00 GB reserved,       1.12 MB ( <1%) committed,  1 nodes.
             Both:        1.06 GB reserved,       9.44 MB ( <1%) committed. 

Chunk freelists:
   Non-Class:  6.89 MB
       Class:  14.79 MB
        Both:  21.68 MB

MaxMetaspaceSize: unlimited
CompressedClassSpaceSize: 1.00 GB
Initial GC threshold: 21.00 MB
Current GC threshold: 21.00 MB
CDS: on
 - commit_granule_bytes: 65536.
 - commit_granule_words: 8192.
 - virtual_space_node_default_size: 8388608.
 - enlarge_chunks_in_place: 1.
 - use_allocation_guard: 0.


Internal statistics:

num_allocs_failed_limit: 0.
num_arena_births: 256.
num_arena_deaths: 0.
num_vsnodes_births: 2.
num_vsnodes_deaths: 0.
num_space_committed: 151.
num_space_uncommitted: 0.
num_chunks_returned_to_freelist: 0.
num_chunks_taken_from_freelist: 506.
num_chunk_merges: 0.
num_chunk_splits: 319.
num_chunks_enlarged: 208.
num_inconsistent_stats: 0.

CodeHeap 'non-profiled nmethods': size=120000Kb used=893Kb max_used=893Kb free=119106Kb
 bounds [0x000001b4a0a90000, 0x000001b4a0d00000, 0x000001b4a7fc0000]
CodeHeap 'profiled nmethods': size=120000Kb used=3602Kb max_used=3602Kb free=116397Kb
 bounds [0x000001b498fc0000, 0x000001b499350000, 0x000001b4a04f0000]
CodeHeap 'non-nmethods': size=5760Kb used=1240Kb max_used=1270Kb free=4519Kb
 bounds [0x000001b4a04f0000, 0x000001b4a0760000, 0x000001b4a0a90000]
CodeCache: size=245760Kb, used=5735Kb, max_used=5765Kb, free=240022Kb
 total_blobs=2526, nmethods=2032, adapters=400, full_count=0
Compilation: enabled, stopped_count=0, restarted_count=0

Compilation events (20 events):
Event: 9.134 Thread 0x000001b4eebe1f80 nmethod 1999 0x000001b4a0b68490 code [0x000001b4a0b68620, 0x000001b4a0b686e8]
Event: 9.137 Thread 0x000001b4eedc5940 nmethod 1993 0x000001b4a0b68790 code [0x000001b4a0b68960, 0x000001b4a0b690c0]
Event: 9.137 Thread 0x000001b4eedc5940 1995       4       java.util.zip.ZipFile$ZipEntryIterator::hasMoreElements (5 bytes)
Event: 9.137 Thread 0x000001b4eebe1f80 2002       3       java.lang.invoke.DirectMethodHandle$Holder::newInvokeSpecial (21 bytes)
Event: 9.137 Thread 0x000001b4eedc5940 nmethod 1995 0x000001b4a0b69490 code [0x000001b4a0b69620, 0x000001b4a0b696c0]
Event: 9.137 Thread 0x000001b4eedc5940 1996       4       java.util.zip.ZipFile$ZipEntryIterator::nextElement (5 bytes)
Event: 9.137 Thread 0x000001b4eebe1f80 nmethod 2002 0x000001b499333e10 code [0x000001b499334000, 0x000001b499334780]
Event: 9.137 Thread 0x000001b4eebe1f80 2003       1       org.eclipse.osgi.internal.loader.EquinoxClassLoader::getClasspathManager (5 bytes)
Event: 9.137 Thread 0x000001b4eebe1f80 nmethod 2003 0x000001b4a0b69790 code [0x000001b4a0b69920, 0x000001b4a0b699e8]
Event: 9.138 Thread 0x000001b495e8a5b0 nmethod 1994 0x000001b4a0b69a90 code [0x000001b4a0b69c60, 0x000001b4a0b6a3a0]
Event: 9.138 Thread 0x000001b495e8a5b0 1997   !   4       java.util.zip.ZipFile$ZipEntryIterator::next (71 bytes)
Event: 9.138 Thread 0x000001b4eebe1f80 2004       3       java.io.File::exists (34 bytes)
Event: 9.138 Thread 0x000001b4eebe1f80 nmethod 2004 0x000001b499334910 code [0x000001b499334b00, 0x000001b499334f08]
Event: 9.138 Thread 0x000001b4eebe1f80 2005   !   3       org.eclipse.osgi.storage.bundlefile.CloseableBundleFile::lockOpen (113 bytes)
Event: 9.139 Thread 0x000001b4eebe1f80 nmethod 2005 0x000001b499335090 code [0x000001b499335360, 0x000001b499336478]
Event: 9.139 Thread 0x000001b4eebe1f80 2006   !   3       org.eclipse.osgi.storage.bundlefile.CloseableBundleFile::internalOpen (118 bytes)
Event: 9.140 Thread 0x000001b4eebe1f80 nmethod 2006 0x000001b499336b10 code [0x000001b499336f00, 0x000001b4993387f8]
Event: 9.141 Thread 0x000001b4eebe1f80 2007       3       org.eclipse.osgi.storage.bundlefile.CloseableBundleFile::releaseOpen (8 bytes)
Event: 11.151 Thread 0x000001b4eebe1f80 nmethod 2007 0x000001b499339190 code [0x000001b499339360, 0x000001b499339720]
Event: 11.151 Thread 0x000001b4eebe1f80 2008       3       java.util.concurrent.Semaphore$NonfairSync::tryAcquireShared (6 bytes)

GC Heap History (4 events):
Event: 2.524 GC heap before
{Heap before GC invocations=1 (full 0):
 PSYoungGen      total 29696K, used 25600K [0x00000000d5580000, 0x00000000d7680000, 0x0000000100000000)
  eden space 25600K, 100% used [0x00000000d5580000,0x00000000d6e80000,0x00000000d6e80000)
  from space 4096K, 0% used [0x00000000d7280000,0x00000000d7280000,0x00000000d7680000)
  to   space 4096K, 0% used [0x00000000d6e80000,0x00000000d6e80000,0x00000000d7280000)
 ParOldGen       total 68608K, used 0K [0x0000000080000000, 0x0000000084300000, 0x00000000d5580000)
  object space 68608K, 0% used [0x0000000080000000,0x0000000080000000,0x0000000084300000)
 Metaspace       used 4255K, committed 4480K, reserved 1114112K
  class space    used 471K, committed 576K, reserved 1048576K
}
Event: 2.528 GC heap after
{Heap after GC invocations=1 (full 0):
 PSYoungGen      total 29696K, used 3351K [0x00000000d5580000, 0x00000000d7680000, 0x0000000100000000)
  eden space 25600K, 0% used [0x00000000d5580000,0x00000000d5580000,0x00000000d6e80000)
  from space 4096K, 81% used [0x00000000d6e80000,0x00000000d71c5e88,0x00000000d7280000)
  to   space 4096K, 0% used [0x00000000d7280000,0x00000000d7280000,0x00000000d7680000)
 ParOldGen       total 68608K, used 16K [0x0000000080000000, 0x0000000084300000, 0x00000000d5580000)
  object space 68608K, 0% used [0x0000000080000000,0x0000000080004000,0x0000000084300000)
 Metaspace       used 4255K, committed 4480K, reserved 1114112K
  class space    used 471K, committed 576K, reserved 1048576K
}
Event: 8.003 GC heap before
{Heap before GC invocations=2 (full 0):
 PSYoungGen      total 29696K, used 28951K [0x00000000d5580000, 0x00000000d7680000, 0x0000000100000000)
  eden space 25600K, 100% used [0x00000000d5580000,0x00000000d6e80000,0x00000000d6e80000)
  from space 4096K, 81% used [0x00000000d6e80000,0x00000000d71c5e88,0x00000000d7280000)
  to   space 4096K, 0% used [0x00000000d7280000,0x00000000d7280000,0x00000000d7680000)
 ParOldGen       total 68608K, used 16K [0x0000000080000000, 0x0000000084300000, 0x00000000d5580000)
  object space 68608K, 0% used [0x0000000080000000,0x0000000080004000,0x0000000084300000)
 Metaspace       used 7993K, committed 8320K, reserved 1114112K
  class space    used 843K, committed 960K, reserved 1048576K
}
Event: 8.008 GC heap after
{Heap after GC invocations=2 (full 0):
 PSYoungGen      total 29696K, used 4070K [0x00000000d5580000, 0x00000000d7680000, 0x0000000100000000)
  eden space 25600K, 0% used [0x00000000d5580000,0x00000000d5580000,0x00000000d6e80000)
  from space 4096K, 99% used [0x00000000d7280000,0x00000000d7679820,0x00000000d7680000)
  to   space 4096K, 0% used [0x00000000d6e80000,0x00000000d6e80000,0x00000000d7280000)
 ParOldGen       total 68608K, used 1808K [0x0000000080000000, 0x0000000084300000, 0x00000000d5580000)
  object space 68608K, 2% used [0x0000000080000000,0x00000000801c4190,0x0000000084300000)
 Metaspace       used 7993K, committed 8320K, reserved 1114112K
  class space    used 843K, committed 960K, reserved 1048576K
}

Dll operation events (9 events):
Event: 0.007 Loaded shared library c:\Users\aksar\.vscode\extensions\redhat.java-1.47.0-win32-x64\jre\21.0.8-win32-x86_64\bin\java.dll
Event: 0.027 Loaded shared library c:\Users\aksar\.vscode\extensions\redhat.java-1.47.0-win32-x64\jre\21.0.8-win32-x86_64\bin\zip.dll
Event: 0.064 Loaded shared library C:\Users\aksar\.vscode\extensions\redhat.java-1.47.0-win32-x64\jre\21.0.8-win32-x86_64\bin\instrument.dll
Event: 0.068 Loaded shared library C:\Users\aksar\.vscode\extensions\redhat.java-1.47.0-win32-x64\jre\21.0.8-win32-x86_64\bin\net.dll
Event: 0.070 Loaded shared library C:\Users\aksar\.vscode\extensions\redhat.java-1.47.0-win32-x64\jre\21.0.8-win32-x86_64\bin\nio.dll
Event: 0.074 Loaded shared library C:\Users\aksar\.vscode\extensions\redhat.java-1.47.0-win32-x64\jre\21.0.8-win32-x86_64\bin\zip.dll
Event: 0.087 Loaded shared library C:\Users\aksar\.vscode\extensions\redhat.java-1.47.0-win32-x64\jre\21.0.8-win32-x86_64\bin\jimage.dll
Event: 0.135 Loaded shared library c:\Users\aksar\.vscode\extensions\redhat.java-1.47.0-win32-x64\jre\21.0.8-win32-x86_64\bin\verify.dll
Event: 8.014 Loaded shared library C:\Users\aksar\AppData\Roaming\Code\User\globalStorage\redhat.java\1.47.0\config_win\org.eclipse.equinox.launcher\org.eclipse.equinox.launcher.win32.win32.x86_64_1.2.1400.v20250801-0854\eclipse_11916.dll

Deoptimization events (20 events):
Event: 9.120 Thread 0x000001b4f4964970 Uncommon trap: trap_request=0xffffff45 fr.pc=0x000001b4a0ac9d74 relative=0x0000000000000054
Event: 9.120 Thread 0x000001b4f4964970 Uncommon trap: reason=unstable_if action=reinterpret pc=0x000001b4a0ac9d74 method=java.lang.CharacterData.of(I)Ljava/lang/CharacterData; @ 4 c2
Event: 9.120 Thread 0x000001b4f4964970 DEOPT PACKING pc=0x000001b4a0ac9d74 sp=0x00000029e7dfd970
Event: 9.120 Thread 0x000001b4f4964970 DEOPT UNPACKING pc=0x000001b4a0546da2 sp=0x00000029e7dfd908 mode 2
Event: 9.121 Thread 0x000001b4f4964970 Uncommon trap: trap_request=0xffffff45 fr.pc=0x000001b4a0b0ad94 relative=0x0000000000000814
Event: 9.121 Thread 0x000001b4f4964970 Uncommon trap: reason=unstable_if action=reinterpret pc=0x000001b4a0b0ad94 method=java.lang.StringLatin1.toUpperCase(Ljava/lang/String;[BLjava/util/Locale;)Ljava/lang/String; @ 73 c2
Event: 9.121 Thread 0x000001b4f4964970 DEOPT PACKING pc=0x000001b4a0b0ad94 sp=0x00000029e7dfde40
Event: 9.121 Thread 0x000001b4f4964970 DEOPT UNPACKING pc=0x000001b4a0546da2 sp=0x00000029e7dfdde0 mode 2
Event: 9.124 Thread 0x000001b4f4964970 Uncommon trap: trap_request=0xffffffde fr.pc=0x000001b4a0b62264 relative=0x0000000000000304
Event: 9.124 Thread 0x000001b4f4964970 Uncommon trap: reason=class_check action=maybe_recompile pc=0x000001b4a0b62264 method=java.util.regex.Pattern$BmpCharPropertyGreedy.match(Ljava/util/regex/Matcher;ILjava/lang/CharSequence;)Z @ 26 c2
Event: 9.124 Thread 0x000001b4f4964970 DEOPT PACKING pc=0x000001b4a0b62264 sp=0x00000029e7dfe0f0
Event: 9.124 Thread 0x000001b4f4964970 DEOPT UNPACKING pc=0x000001b4a0546da2 sp=0x00000029e7dfe0a8 mode 2
Event: 9.124 Thread 0x000001b4f4964970 Uncommon trap: trap_request=0xffffffde fr.pc=0x000001b4a0b62264 relative=0x0000000000000304
Event: 9.125 Thread 0x000001b4f4964970 Uncommon trap: reason=class_check action=maybe_recompile pc=0x000001b4a0b62264 method=java.util.regex.Pattern$BmpCharPropertyGreedy.match(Ljava/util/regex/Matcher;ILjava/lang/CharSequence;)Z @ 26 c2
Event: 9.125 Thread 0x000001b4f4964970 DEOPT PACKING pc=0x000001b4a0b62264 sp=0x00000029e7dfe100
Event: 9.125 Thread 0x000001b4f4964970 DEOPT UNPACKING pc=0x000001b4a0546da2 sp=0x00000029e7dfe0b8 mode 2
Event: 9.129 Thread 0x000001b4f4964970 Uncommon trap: trap_request=0xffffff45 fr.pc=0x000001b4a0b3bbc8 relative=0x00000000000009e8
Event: 9.129 Thread 0x000001b4f4964970 Uncommon trap: reason=unstable_if action=reinterpret pc=0x000001b4a0b3bbc8 method=java.util.concurrent.ConcurrentHashMap.putVal(Ljava/lang/Object;Ljava/lang/Object;Z)Ljava/lang/Object; @ 148 c2
Event: 9.129 Thread 0x000001b4f4964970 DEOPT PACKING pc=0x000001b4a0b3bbc8 sp=0x00000029e7dfe620
Event: 9.129 Thread 0x000001b4f4964970 DEOPT UNPACKING pc=0x000001b4a0546da2 sp=0x00000029e7dfe590 mode 2

Classes loaded (20 events):
Event: 8.104 Loading class sun/util/logging/resources/logging_tr_TR
Event: 8.104 Loading class sun/util/logging/resources/logging_tr_TR done
Event: 8.104 Loading class sun/util/logging/resources/logging_tr_TR
Event: 8.104 Loading class sun/util/logging/resources/logging_tr_TR done
Event: 8.105 Loading class java/util/Formatter$DateTime
Event: 8.105 Loading class java/util/Formatter$DateTime done
Event: 8.105 Loading class java/util/Formatter$FixedString
Event: 8.105 Loading class java/util/Formatter$FixedString done
Event: 8.106 Loading class java/time/ZonedDateTime$1
Event: 8.106 Loading class java/time/ZonedDateTime$1 done
Event: 8.107 Loading class jdk/internal/module/ModulePatcher$PatchedModuleReader
Event: 8.108 Loading class jdk/internal/module/ModulePatcher$PatchedModuleReader done
Event: 9.116 Loading class sun/util/resources/LocaleData$CommonResourceBundleProvider
Event: 9.116 Loading class sun/util/resources/LocaleData$LocaleDataResourceBundleProvider
Event: 9.116 Loading class java/util/spi/ResourceBundleProvider
Event: 9.116 Loading class java/util/spi/ResourceBundleProvider done
Event: 9.116 Loading class sun/util/resources/LocaleData$LocaleDataResourceBundleProvider done
Event: 9.116 Loading class sun/util/resources/LocaleData$CommonResourceBundleProvider done
Event: 9.117 Loading class sun/util/resources/Bundles$2
Event: 9.117 Loading class sun/util/resources/Bundles$2 done

Classes unloaded (0 events):
No events

Classes redefined (0 events):
No events

Internal exceptions (20 events):
Event: 3.567 Thread 0x000001b4939ac0b0 Implicit null exception at 0x000001b4a0af8ac9 to 0x000001b4a0af95a8
Event: 3.567 Thread 0x000001b4939ac0b0 Implicit null exception at 0x000001b4a0aeea9a to 0x000001b4a0aeeca0
Event: 3.568 Thread 0x000001b4939ac0b0 Exception <a 'java/lang/NoSuchMethodError'{0x00000000d576e8d8}: 'void java.lang.invoke.DirectMethodHandle$Holder.invokeStatic(java.lang.Object, java.lang.Object, java.lang.Object, java.lang.Object)'> (0x00000000d576e8d8) 
thrown [s\src\hotspot\share\interpreter\linkResolver.cpp, line 773]
Event: 3.569 Thread 0x000001b4939ac0b0 Implicit null exception at 0x000001b4a0af159a to 0x000001b4a0af17a4
Event: 3.569 Thread 0x000001b4939ac0b0 Implicit null exception at 0x000001b4a0ae9ebd to 0x000001b4a0ae9f41
Event: 3.641 Thread 0x000001b4939ac0b0 Exception <a 'java/lang/NoSuchMethodError'{0x00000000d5a4b1c0}: 'void java.lang.invoke.DirectMethodHandle$Holder.invokeSpecial(java.lang.Object, java.lang.Object, java.lang.Object)'> (0x00000000d5a4b1c0) 
thrown [s\src\hotspot\share\interpreter\linkResolver.cpp, line 773]
Event: 4.779 Thread 0x000001b4939ac0b0 Exception <a 'java/lang/NoSuchMethodError'{0x00000000d644e578}: 'int java.lang.invoke.DirectMethodHandle$Holder.invokeVirtual(java.lang.Object, java.lang.Object)'> (0x00000000d644e578) 
thrown [s\src\hotspot\share\interpreter\linkResolver.cpp, line 773]
Event: 4.803 Thread 0x000001b4939ac0b0 Exception <a 'java/lang/NoSuchMethodError'{0x00000000d65c3918}: 'int java.lang.invoke.DirectMethodHandle$Holder.invokeStaticInit(java.lang.Object, java.lang.Object, java.lang.Object, java.lang.Object)'> (0x00000000d65c3918) 
thrown [s\src\hotspot\share\interpreter\linkResolver.cpp, line 773]
Event: 4.804 Thread 0x000001b4939ac0b0 Exception <a 'java/lang/IncompatibleClassChangeError'{0x00000000d65cbda0}: Found class java.lang.Object, but interface was expected> (0x00000000d65cbda0) 
thrown [s\src\hotspot\share\interpreter\linkResolver.cpp, line 840]
Event: 4.805 Thread 0x000001b4939ac0b0 Exception <a 'java/lang/NoSuchMethodError'{0x00000000d65d2390}: 'void java.lang.invoke.DirectMethodHandle$Holder.invokeStaticInit(java.lang.Object, java.lang.Object)'> (0x00000000d65d2390) 
thrown [s\src\hotspot\share\interpreter\linkResolver.cpp, line 773]
Event: 4.805 Thread 0x000001b4939ac0b0 Exception <a 'java/lang/NoSuchMethodError'{0x00000000d65db5e8}: 'int java.lang.invoke.DirectMethodHandle$Holder.invokeStaticInit(java.lang.Object, java.lang.Object)'> (0x00000000d65db5e8) 
thrown [s\src\hotspot\share\interpreter\linkResolver.cpp, line 773]
Event: 4.838 Thread 0x000001b4939ac0b0 Exception <a 'java/lang/NoSuchMethodError'{0x00000000d6824060}: 'java.lang.Object java.lang.invoke.DirectMethodHandle$Holder.newInvokeSpecial(java.lang.Object, int, java.lang.Object)'> (0x00000000d6824060) 
thrown [s\src\hotspot\share\interpreter\linkResolver.cpp, line 773]
Event: 4.870 Thread 0x000001b4939ac0b0 Exception <a 'java/lang/ClassNotFoundException'{0x00000000d6a3b6e8}: sun/net/www/protocol/plurl/Handler> (0x00000000d6a3b6e8) 
thrown [s\src\hotspot\share\classfile\systemDictionary.cpp, line 312]
Event: 4.870 Thread 0x000001b4939ac0b0 Exception <a 'java/lang/ClassNotFoundException'{0x00000000d6a3c568}: sun/net/www/protocol/plurl/Handler> (0x00000000d6a3c568) 
thrown [s\src\hotspot\share\classfile\systemDictionary.cpp, line 312]
Event: 8.010 Thread 0x000001b4939ac0b0 Exception <a 'java/lang/UnsatisfiedLinkError'{0x00000000d558d2e0}: 'void org.eclipse.equinox.launcher.JNIBridge._update_splash()'> (0x00000000d558d2e0) 
thrown [s\src\hotspot\share\prims\nativeLookup.cpp, line 415]
Event: 8.035 Thread 0x000001b4f455b0d0 Exception <a 'java/lang/NoSuchMethodError'{0x00000000d588feb8}: 'void java.lang.invoke.DirectMethodHandle$Holder.invokeInterface(java.lang.Object, java.lang.Object, java.lang.Object)'> (0x00000000d588feb8) 
thrown [s\src\hotspot\share\interpreter\linkResolver.cpp, line 773]
Event: 8.081 Thread 0x000001b4f4964970 Exception <a 'java/lang/NoSuchMethodError'{0x00000000d5c5dde0}: 'java.lang.Object java.lang.invoke.DirectMethodHandle$Holder.newInvokeSpecial(java.lang.Object, java.lang.Object, int, java.lang.Object)'> (0x00000000d5c5dde0) 
thrown [s\src\hotspot\share\interpreter\linkResolver.cpp, line 773]
Event: 8.081 Thread 0x000001b4f4964970 Exception <a 'java/lang/NoSuchMethodError'{0x00000000d5c61c50}: 'java.lang.Object java.lang.invoke.DirectMethodHandle$Holder.invokeSpecial(java.lang.Object, java.lang.Object, java.lang.Object, int, java.lang.Object)'> (0x00000000d5c61c50) 
thrown [s\src\hotspot\share\interpreter\linkResolver.cpp, line 773]
Event: 8.088 Thread 0x000001b4f4964970 Exception <a 'java/lang/NoClassDefFoundError'{0x00000000d5d085a0}: jakarta/servlet/ServletContainerInitializer> (0x00000000d5d085a0) 
thrown [s\src\hotspot\share\classfile\systemDictionary.cpp, line 301]
Event: 8.103 Thread 0x000001b4f4964970 Exception <a 'java/lang/ClassNotFoundException'{0x00000000d5e74458}: sun/util/logging/resources/spi/loggingProvider> (0x00000000d5e74458) 
thrown [s\src\hotspot\share\classfile\systemDictionary.cpp, line 312]

ZGC Phase Switch (0 events):
No events

VM Operations (20 events):
Event: 4.857 Executing VM operation: HandshakeAllThreads (Deoptimize)
Event: 4.857 Executing VM operation: HandshakeAllThreads (Deoptimize) done
Event: 4.866 Executing VM operation: HandshakeAllThreads (Deoptimize)
Event: 4.866 Executing VM operation: HandshakeAllThreads (Deoptimize) done
Event: 5.876 Executing VM operation: Cleanup
Event: 7.993 Executing VM operation: Cleanup done
Event: 8.003 Executing VM operation: ParallelGCFailedAllocation (Allocation Failure)
Event: 8.008 Executing VM operation: ParallelGCFailedAllocation (Allocation Failure) done
Event: 8.098 Executing VM operation: HandshakeAllThreads (Deoptimize)
Event: 8.098 Executing VM operation: HandshakeAllThreads (Deoptimize) done
Event: 8.108 Executing VM operation: HandshakeAllThreads (Deoptimize)
Event: 8.108 Executing VM operation: HandshakeAllThreads (Deoptimize) done
Event: 9.115 Executing VM operation: Cleanup
Event: 9.115 Executing VM operation: Cleanup done
Event: 9.120 Executing VM operation: HandshakeAllThreads (Deoptimize)
Event: 9.120 Executing VM operation: HandshakeAllThreads (Deoptimize) done
Event: 9.129 Executing VM operation: HandshakeAllThreads (Deoptimize)
Event: 9.129 Executing VM operation: HandshakeAllThreads (Deoptimize) done
Event: 10.141 Executing VM operation: Cleanup
Event: 10.141 Executing VM operation: Cleanup done

Memory protections (0 events):
No events

Nmethod flushes (0 events):
No events

Events (20 events):
Event: 0.030 Thread 0x000001b4939ac0b0 Thread added: 0x000001b495e77cd0
Event: 0.030 Thread 0x000001b4939ac0b0 Thread added: 0x000001b495e78880
Event: 0.030 Thread 0x000001b4939ac0b0 Thread added: 0x000001b4ac86df80
Event: 0.030 Thread 0x000001b4939ac0b0 Thread added: 0x000001b495e79fd0
Event: 0.030 Thread 0x000001b4939ac0b0 Thread added: 0x000001b495e7db00
Event: 0.030 Thread 0x000001b4939ac0b0 Thread added: 0x000001b495e7ff50
Event: 0.030 Thread 0x000001b4939ac0b0 Thread added: 0x000001b495e8a5b0
Event: 0.030 Thread 0x000001b4939ac0b0 Thread added: 0x000001b4eebe1f80
Event: 0.043 Thread 0x000001b4939ac0b0 Thread added: 0x000001b4eeccc6e0
Event: 0.057 Thread 0x000001b4eebe1f80 Thread added: 0x000001b4eedc2c60
Event: 0.202 Thread 0x000001b4939ac0b0 Thread added: 0x000001b4eee64f90
Event: 1.267 Thread 0x000001b4eedc2c60 Thread exited: 0x000001b4eedc2c60
Event: 1.286 Thread 0x000001b4eebe1f80 Thread added: 0x000001b4eedc5940
Event: 1.321 Thread 0x000001b4eebe1f80 Thread added: 0x000001b4f4249ce0
Event: 3.543 Thread 0x000001b4f4249ce0 Thread exited: 0x000001b4f4249ce0
Event: 3.669 Thread 0x000001b4eebe1f80 Thread added: 0x000001b4f42209d0
Event: 4.813 Thread 0x000001b4939ac0b0 Thread added: 0x000001b4f497be10
Event: 8.003 Thread 0x000001b4939ac0b0 Thread added: 0x000001b4f455b0d0
Event: 8.037 Thread 0x000001b4f455b0d0 Thread added: 0x000001b4f409d3e0
Event: 8.039 Thread 0x000001b4939ac0b0 Thread added: 0x000001b4f4964970


Dynamic libraries:
0x00007ff678740000 - 0x00007ff67874e000 	c:\Users\aksar\.vscode\extensions\redhat.java-1.47.0-win32-x64\jre\21.0.8-win32-x86_64\bin\java.exe
0x00007ff8f8f60000 - 0x00007ff8f91c9000 	C:\WINDOWS\SYSTEM32\ntdll.dll
0x00007ff8f7870000 - 0x00007ff8f7939000 	C:\WINDOWS\System32\KERNEL32.DLL
0x00007ff8f6530000 - 0x00007ff8f6923000 	C:\WINDOWS\System32\KERNELBASE.dll
0x00007ff8f6be0000 - 0x00007ff8f6d2b000 	C:\WINDOWS\System32\ucrtbase.dll
0x00007ff8e8e70000 - 0x00007ff8e8e88000 	c:\Users\aksar\.vscode\extensions\redhat.java-1.47.0-win32-x64\jre\21.0.8-win32-x86_64\bin\jli.dll
0x00007ff8e8bc0000 - 0x00007ff8e8bde000 	c:\Users\aksar\.vscode\extensions\redhat.java-1.47.0-win32-x64\jre\21.0.8-win32-x86_64\bin\VCRUNTIME140.dll
0x00007ff8f82d0000 - 0x00007ff8f8494000 	C:\WINDOWS\System32\USER32.dll
0x00007ff8f6240000 - 0x00007ff8f6267000 	C:\WINDOWS\System32\win32u.dll
0x00007ff8f5510000 - 0x00007ff8f57a3000 	C:\WINDOWS\WinSxS\amd64_microsoft.windows.common-controls_6595b64144ccf1df_6.0.26100.5074_none_3e0d6f78e32fd63f\COMCTL32.dll
0x00007ff8f8ad0000 - 0x00007ff8f8afb000 	C:\WINDOWS\System32\GDI32.dll
0x00007ff8f7940000 - 0x00007ff8f79e9000 	C:\WINDOWS\System32\msvcrt.dll
0x00007ff8f6ab0000 - 0x00007ff8f6bdd000 	C:\WINDOWS\System32\gdi32full.dll
0x00007ff8f6310000 - 0x00007ff8f63b3000 	C:\WINDOWS\System32\msvcp_win.dll
0x00007ff8f8c00000 - 0x00007ff8f8c2f000 	C:\WINDOWS\System32\IMM32.DLL
0x00007ff8ed280000 - 0x00007ff8ed28c000 	c:\Users\aksar\.vscode\extensions\redhat.java-1.47.0-win32-x64\jre\21.0.8-win32-x86_64\bin\vcruntime140_1.dll
0x00007ff8e8b00000 - 0x00007ff8e8b8d000 	c:\Users\aksar\.vscode\extensions\redhat.java-1.47.0-win32-x64\jre\21.0.8-win32-x86_64\bin\msvcp140.dll
0x00007ff8ab070000 - 0x00007ff8abe07000 	c:\Users\aksar\.vscode\extensions\redhat.java-1.47.0-win32-x64\jre\21.0.8-win32-x86_64\bin\server\jvm.dll
0x00007ff8f7750000 - 0x00007ff8f7804000 	C:\WINDOWS\System32\ADVAPI32.dll
0x00007ff8f7ad0000 - 0x00007ff8f7b76000 	C:\WINDOWS\System32\sechost.dll
0x00007ff8f6e40000 - 0x00007ff8f6f58000 	C:\WINDOWS\System32\RPCRT4.dll
0x00007ff8f6d30000 - 0x00007ff8f6da4000 	C:\WINDOWS\System32\WS2_32.dll
0x00007ff8f5f50000 - 0x00007ff8f5fae000 	C:\WINDOWS\SYSTEM32\POWRPROF.dll
0x00007ff8e9aa0000 - 0x00007ff8e9aab000 	C:\WINDOWS\SYSTEM32\VERSION.dll
0x00007ff8e6fe0000 - 0x00007ff8e7015000 	C:\WINDOWS\SYSTEM32\WINMM.dll
0x00007ff8f5f30000 - 0x00007ff8f5f44000 	C:\WINDOWS\SYSTEM32\UMPDC.dll
0x00007ff8f4570000 - 0x00007ff8f458b000 	C:\WINDOWS\SYSTEM32\kernel.appcore.dll
0x00007ff8ed1d0000 - 0x00007ff8ed1da000 	c:\Users\aksar\.vscode\extensions\redhat.java-1.47.0-win32-x64\jre\21.0.8-win32-x86_64\bin\jimage.dll
0x00007ff8f58c0000 - 0x00007ff8f5b02000 	C:\WINDOWS\SYSTEM32\DBGHELP.DLL
0x00007ff8f71a0000 - 0x00007ff8f751b000 	C:\WINDOWS\System32\combase.dll
0x00007ff8f7030000 - 0x00007ff8f7107000 	C:\WINDOWS\System32\OLEAUT32.dll
0x00007ff8f57b0000 - 0x00007ff8f57ed000 	C:\WINDOWS\SYSTEM32\dbgcore.DLL
0x00007ff8f6270000 - 0x00007ff8f6309000 	C:\WINDOWS\System32\bcryptPrimitives.dll
0x00007ff8eb640000 - 0x00007ff8eb64f000 	c:\Users\aksar\.vscode\extensions\redhat.java-1.47.0-win32-x64\jre\21.0.8-win32-x86_64\bin\instrument.dll
0x00007ff8e8ae0000 - 0x00007ff8e8aff000 	c:\Users\aksar\.vscode\extensions\redhat.java-1.47.0-win32-x64\jre\21.0.8-win32-x86_64\bin\java.dll
0x00007ff8f7b80000 - 0x00007ff8f82cd000 	C:\WINDOWS\System32\SHELL32.dll
0x00007ff8f63c0000 - 0x00007ff8f652c000 	C:\WINDOWS\System32\wintypes.dll
0x00007ff8f3410000 - 0x00007ff8f3c69000 	C:\WINDOWS\SYSTEM32\windows.storage.dll
0x00007ff8f8b00000 - 0x00007ff8f8bf0000 	C:\WINDOWS\System32\SHCORE.dll
0x00007ff8f7110000 - 0x00007ff8f7172000 	C:\WINDOWS\System32\shlwapi.dll
0x00007ff8f6010000 - 0x00007ff8f6039000 	C:\WINDOWS\SYSTEM32\profapi.dll
0x00007ff8e5e30000 - 0x00007ff8e5e48000 	c:\Users\aksar\.vscode\extensions\redhat.java-1.47.0-win32-x64\jre\21.0.8-win32-x86_64\bin\zip.dll
0x00007ff8e6840000 - 0x00007ff8e6850000 	C:\Users\aksar\.vscode\extensions\redhat.java-1.47.0-win32-x64\jre\21.0.8-win32-x86_64\bin\net.dll
0x00007ff8ec000000 - 0x00007ff8ec11f000 	C:\WINDOWS\SYSTEM32\WINHTTP.dll
0x00007ff8f4ab0000 - 0x00007ff8f4b1b000 	C:\WINDOWS\system32\mswsock.dll
0x00007ff8e6020000 - 0x00007ff8e6036000 	C:\Users\aksar\.vscode\extensions\redhat.java-1.47.0-win32-x64\jre\21.0.8-win32-x86_64\bin\nio.dll
0x00007ff8e6350000 - 0x00007ff8e6360000 	c:\Users\aksar\.vscode\extensions\redhat.java-1.47.0-win32-x64\jre\21.0.8-win32-x86_64\bin\verify.dll
0x00007ff8e5b90000 - 0x00007ff8e5bd4000 	C:\Users\aksar\AppData\Roaming\Code\User\globalStorage\redhat.java\1.47.0\config_win\org.eclipse.equinox.launcher\org.eclipse.equinox.launcher.win32.win32.x86_64_1.2.1400.v20250801-0854\eclipse_11916.dll
0x00007ff8f84a0000 - 0x00007ff8f8638000 	C:\WINDOWS\System32\ole32.dll

JVMTI agents:
c:\Users\aksar\.vscode\extensions\redhat.java-1.47.0-win32-x64\lombok\lombok-1.18.39-4050.jar path:c:\Users\aksar\.vscode\extensions\redhat.java-1.47.0-win32-x64\jre\21.0.8-win32-x86_64\bin\instrument.dll, loaded, initialized, instrumentlib options:none

dbghelp: loaded successfully - version: 4.0.5 - missing functions: none
symbol engine: initialized successfully - sym options: 0x614 - pdb path: .;c:\Users\aksar\.vscode\extensions\redhat.java-1.47.0-win32-x64\jre\21.0.8-win32-x86_64\bin;C:\WINDOWS\SYSTEM32;C:\WINDOWS\WinSxS\amd64_microsoft.windows.common-controls_6595b64144ccf1df_6.0.26100.5074_none_3e0d6f78e32fd63f;c:\Users\aksar\.vscode\extensions\redhat.java-1.47.0-win32-x64\jre\21.0.8-win32-x86_64\bin\server;C:\Users\aksar\AppData\Roaming\Code\User\globalStorage\redhat.java\1.47.0\config_win\org.eclipse.equinox.launcher\org.eclipse.equinox.launcher.win32.win32.x86_64_1.2.1400.v20250801-0854

VM Arguments:
jvm_args: --add-modules=ALL-SYSTEM --add-opens=java.base/java.util=ALL-UNNAMED --add-opens=java.base/java.lang=ALL-UNNAMED --add-opens=java.base/sun.nio.fs=ALL-UNNAMED -Declipse.application=org.eclipse.jdt.ls.core.id1 -Dosgi.bundles.defaultStartLevel=4 -Declipse.product=org.eclipse.jdt.ls.core.product -Djava.import.generatesMetadataFilesAtProjectRoot=false -DDetectVMInstallationsJob.disabled=true -Dfile.encoding=utf8 -XX:+UseParallelGC -XX:GCTimeRatio=4 -XX:AdaptiveSizePolicyWeight=90 -Dsun.zip.disableMemoryMapping=true -Xmx2G -Xms100m -Xlog:disable -javaagent:c:\Users\aksar\.vscode\extensions\redhat.java-1.47.0-win32-x64\lombok\lombok-1.18.39-4050.jar -XX:+HeapDumpOnOutOfMemoryError -XX:HeapDumpPath=c:\Users\aksar\AppData\Roaming\Code\User\workspaceStorage\3f7f6bfb4b23ee495e79101ab5641bd4\redhat.java -Daether.dependencyCollector.impl=bf 
java_command: c:\Users\aksar\.vscode\extensions\redhat.java-1.47.0-win32-x64\server\plugins\org.eclipse.equinox.launcher_1.7.100.v20251014-1222.jar -configuration c:\Users\aksar\AppData\Roaming\Code\User\globalStorage\redhat.java\1.47.0\config_win -data c:\Users\aksar\AppData\Roaming\Code\User\workspaceStorage\3f7f6bfb4b23ee495e79101ab5641bd4\redhat.java\jdt_ws --pipe=\\.\pipe\lsp-68c28617309beda529490bf406cec378-sock
java_class_path (initial): c:\Users\aksar\.vscode\extensions\redhat.java-1.47.0-win32-x64\server\plugins\org.eclipse.equinox.launcher_1.7.100.v20251014-1222.jar
Launcher Type: SUN_STANDARD

[Global flags]
    uintx AdaptiveSizePolicyWeight                 = 90                                        {product} {command line}
     intx CICompilerCount                          = 4                                         {product} {ergonomic}
    uintx GCTimeRatio                              = 4                                         {product} {command line}
     bool HeapDumpOnOutOfMemoryError               = true                                   {manageable} {command line}
    ccstr HeapDumpPath                             = c:\Users\aksar\AppData\Roaming\Code\User\workspaceStorage\3f7f6bfb4b23ee495e79101ab5641bd4\redhat.java         {manageable} {command line}
   size_t InitialHeapSize                          = 104857600                                 {product} {command line}
   size_t MaxHeapSize                              = 2147483648                                {product} {command line}
   size_t MaxNewSize                               = 715653120                                 {product} {ergonomic}
   size_t MinHeapDeltaBytes                        = 524288                                    {product} {ergonomic}
   size_t MinHeapSize                              = 104857600                                 {product} {command line}
   size_t NewSize                                  = 34603008                                  {product} {ergonomic}
    uintx NonNMethodCodeHeapSize                   = 5839372                                {pd product} {ergonomic}
    uintx NonProfiledCodeHeapSize                  = 122909434                              {pd product} {ergonomic}
   size_t OldSize                                  = 70254592                                  {product} {ergonomic}
    uintx ProfiledCodeHeapSize                     = 122909434                              {pd product} {ergonomic}
    uintx ReservedCodeCacheSize                    = 251658240                              {pd product} {ergonomic}
     bool SegmentedCodeCache                       = true                                      {product} {ergonomic}
   size_t SoftMaxHeapSize                          = 2147483648                             {manageable} {ergonomic}
     bool UseCompressedOops                        = true                           {product lp64_product} {ergonomic}
     bool UseLargePagesIndividualAllocation        = false                                  {pd product} {ergonomic}
     bool UseParallelGC                            = true                                      {product} {command line}

Logging:
Log output configuration:
 #0: stdout all=off uptime,level,tags foldmultilines=false
 #1: stderr all=off uptime,level,tags foldmultilines=false

Environment Variables:
JAVA_HOME=C:\Program Files\Eclipse Adoptium\jdk-25.0.1.8-hotspot
PATH=C:\Program Files\Eclipse Adoptium\jdk-25.0.1.8-hotspot\bin;C:\Program Files\Java\bin;C:\Python313\Scripts\;C:\Python313\;C:\Users\aksar\AppData\Local\Programs\Python\Python312;C:\Users\aksar\AppData\Local\Programs\Python\Python312\Scripts;C:\Program Files (x86)\VMware\VMware Workstation\bin\;C:\WINDOWS\system32;C:\WINDOWS;C:\WINDOWS\System32\Wbem;C:\WINDOWS\System32\WindowsPowerShell\v1.0\;C:\WINDOWS\System32\OpenSSH\;C:\Program Files\dotnet\;C:\Program Files\Git LFS;C:\Program Files\WireGuard\;C:\apache-maven-3.9.9\bin;D:\Git\cmd;D:\nodejs\;C:\ProgramData\chocolatey\bin;D:\platform-tools;;C:\Program Files\Docker\Docker\resources\bin;C:\Users\aksar\dev\flutter\bin;C:\Users\aksar\dev\flutter\bin\cache\dart-sdk;C:\Users\aksar\AppData\Local\Programs\Python\Python312;C:\Users\aksar\AppData\Local\Microsoft\WindowsApps;C:\Users\aksar\AppData\Local\JetBrains\Toolbox\scripts;C:\Users\aksar\AppData\Local\gitkraken\bin;C:\Program Files\JetBrains\PyCharm Community Edition 2024.1.1\bin;C:\Users\aksar\AppData\Roaming\Programs\Zero Install;C:\Users\aksar\AppData\Local\Programs\Microsoft VS Code\bin;C:\Users\aksar\AppData\Local\Microsoft\WindowsApps;C:\apache-maven-3.9.9\bin;C:\Program Files\JetBrains\IntelliJ IDEA Community Edition 2024.3.4.1\bin;;C:\Users\aksar\AppData\Roaming\npm;C:\Users\aksar\.dotnet\tools;C:\Users\aksar\AppData\Local\GitHubDesktop\bin
USERNAME=aksar
OS=Windows_NT
PROCESSOR_IDENTIFIER=Intel64 Family 6 Model 141 Stepping 1, GenuineIntel
TMP=C:\Users\aksar\AppData\Local\Temp
TEMP=C:\Users\aksar\AppData\Local\Temp




Periodic native trim disabled

---------------  S Y S T E M  ---------------

OS:
 Windows 11 , 64 bit Build 26100 (10.0.26100.5074)
OS uptime: 18 days 1:13 hours
Hyper-V role detected

CPU: total 12 (initial active 12) (6 cores per cpu, 2 threads per core) family 6 model 141 stepping 1 microcode 0x34, cx8, cmov, fxsr, ht, mmx, 3dnowpref, sse, sse2, sse3, ssse3, sse4.1, sse4.2, popcnt, lzcnt, tsc, tscinvbit, avx, avx2, aes, erms, clmul, bmi1, bmi2, adx, avx512f, avx512dq, avx512cd, avx512bw, avx512vl, sha, fma, vzeroupper, avx512_vpopcntdq, avx512_vpclmulqdq, avx512_vaes, avx512_vnni, clflush, clflushopt, clwb, avx512_vbmi2, avx512_vbmi, hv, rdtscp, rdpid, fsrm, gfni, avx512_bitalg, f16c, cet_ibt, cet_ss, avx512_ifma
Processor Information for the first 12 processors :
  Max Mhz: 2688, Current Mhz: 2688, Mhz Limit: 2688

Memory: 4k page, system-wide physical 16105M (1772M free)
TotalPageFile size 23273M (AvailPageFile size 15M)
current process WorkingSet (physical memory assigned to process): 100M, peak: 100M
current process commit charge ("private bytes"): 251M, peak: 251M

vm_info: OpenJDK 64-Bit Server VM (21.0.8+9-LTS) for windows-amd64 JRE (21.0.8+9-LTS), built on 2025-07-15T00:00:00Z by "admin" with MS VC++ 17.7 (VS2022)

END.
