#
# There is insufficient memory for the Java Runtime Environment to continue.
# Native memory allocation (malloc) failed to allocate 1048576 bytes. Error detail: AllocateHeap
# Possible reasons:
#   The system is out of physical RAM or swap space
#   This process is running with CompressedOops enabled, and the Java Heap may be blocking the growth of the native heap
# Possible solutions:
#   Reduce memory load on the system
#   Increase physical memory or swap space
#   Check if swap backing store is full
#   Decrease Java heap size (-Xmx/-Xms)
#   Decrease number of Java threads
#   Decrease Java thread stack sizes (-Xss)
#   Set larger code cache with -XX:ReservedCodeCacheSize=
#   JVM is running with Unscaled Compressed Oops mode in which the Java heap is
#     placed in the first 4GB address space. The Java Heap base address is the
#     maximum limit for the native heap growth. Please use -XX:HeapBaseMinAddress
#     to set the Java Heap base and to place the Java Heap above 4GB virtual address.
# This output file may be truncated or incomplete.
#
#  Out of Memory Error (allocation.cpp:44), pid=25868, tid=20676
#
# JRE version: OpenJDK Runtime Environment Temurin-21.0.8+9 (21.0.8+9) (build 21.0.8+9-LTS)
# Java VM: OpenJDK 64-Bit Server VM Temurin-21.0.8+9 (21.0.8+9-LTS, mixed mode, sharing, tiered, compressed oops, compressed class ptrs, parallel gc, windows-amd64)
# No core dump will be written. Minidumps are not enabled by default on client versions of Windows
#

---------------  S U M M A R Y ------------

Command Line: --add-modules=ALL-SYSTEM --add-opens=java.base/java.util=ALL-UNNAMED --add-opens=java.base/java.lang=ALL-UNNAMED --add-opens=java.base/sun.nio.fs=ALL-UNNAMED -Declipse.application=org.eclipse.jdt.ls.core.id1 -Dosgi.bundles.defaultStartLevel=4 -Declipse.product=org.eclipse.jdt.ls.core.product -Djava.import.generatesMetadataFilesAtProjectRoot=false -DDetectVMInstallationsJob.disabled=true -Dfile.encoding=utf8 -XX:+UseParallelGC -XX:GCTimeRatio=4 -XX:AdaptiveSizePolicyWeight=90 -Dsun.zip.disableMemoryMapping=true -Xmx2G -Xms100m -Xlog:disable -javaagent:c:\Users\aksar\.vscode\extensions\redhat.java-1.47.0-win32-x64\lombok\lombok-1.18.39-4050.jar -XX:+HeapDumpOnOutOfMemoryError -XX:HeapDumpPath=c:\Users\aksar\AppData\Roaming\Code\User\workspaceStorage\3f7f6bfb4b23ee495e79101ab5641bd4\redhat.java -Daether.dependencyCollector.impl=bf c:\Users\aksar\.vscode\extensions\redhat.java-1.47.0-win32-x64\server\plugins\org.eclipse.equinox.launcher_1.7.100.v20251014-1222.jar -configuration c:\Users\aksar\AppData\Roaming\Code\User\globalStorage\redhat.java\1.47.0\config_win -data c:\Users\aksar\AppData\Roaming\Code\User\workspaceStorage\3f7f6bfb4b23ee495e79101ab5641bd4\redhat.java\jdt_ws --pipe=\\.\pipe\lsp-668645dbb3a17823545feb6aa13f9f50-sock

Host: 11th Gen Intel(R) Core(TM) i5-11400H @ 2.70GHz, 12 cores, 15G,  Windows 11 , 64 bit Build 26100 (10.0.26100.5074)
Time: Tue Nov 18 12:51:24 2025 Türkiye Standart Saati elapsed time: 11259.651952 seconds (0d 3h 7m 39s)

---------------  T H R E A D  ---------------

Current thread (0x000001d13162d800):  JavaThread "Attach Listener" daemon [_thread_in_vm, id=20676, stack(0x000000c46e700000,0x000000c46e800000) (1024K)]

Stack: [0x000000c46e700000,0x000000c46e800000]
Native frames: (J=compiled Java code, j=interpreted, Vv=VM code, C=native code)
V  [jvm.dll+0x6d2449]
V  [jvm.dll+0x8ae341]
V  [jvm.dll+0x8b08be]
V  [jvm.dll+0x8b0fa3]
V  [jvm.dll+0x280c96]
V  [jvm.dll+0xc0347]
V  [jvm.dll+0x6d2cf9]
V  [jvm.dll+0x131116]
V  [jvm.dll+0x3f2d16]
V  [jvm.dll+0x857e6b]
V  [jvm.dll+0x6d0b0d]
C  [ucrtbase.dll+0x37b0]
C  [KERNEL32.DLL+0x2e8d7]
C  [ntdll.dll+0x8d9c]


---------------  P R O C E S S  ---------------

Threads class SMR info:
_java_thread_list=0x000001d17c5f4220, length=38, elements={
0x000001d1187bb370, 0x000001d11ac393d0, 0x000001d1316293e0, 0x000001d13162cbb0,
0x000001d13162d800, 0x000001d11ac3db10, 0x000001d11ac47080, 0x000001d1739d12f0,
0x000001d11ac4e540, 0x000001d11ac49150, 0x000001d11ac48ac0, 0x000001d11ac469f0,
0x000001d11ac47710, 0x000001d11ac49e70, 0x000001d11ac47da0, 0x000001d11ac48430,
0x000001d179c19500, 0x000001d179c16da0, 0x000001d179c187e0, 0x000001d179c16080,
0x000001d179c17430, 0x000001d179c1c2f0, 0x000001d179c1b5d0, 0x000001d179c1d010,
0x000001d179c1a8b0, 0x000001d179c1af40, 0x000001d179c1bc60, 0x000001d179c19b90,
0x000001d179c1c980, 0x000001d179c1d6a0, 0x000001d179c1a220, 0x000001d17c563b10,
0x000001d17c5641a0, 0x000001d17c562df0, 0x000001d17c564ec0, 0x000001d17c563480,
0x000001d17c565550, 0x000001d17c564830
}

Java Threads: ( => current thread )
  0x000001d1187bb370 JavaThread "main"                              [_thread_blocked, id=28616, stack(0x000000c46e000000,0x000000c46e100000) (1024K)]
  0x000001d11ac393d0 JavaThread "Reference Handler"          daemon [_thread_blocked, id=28044, stack(0x000000c46e400000,0x000000c46e500000) (1024K)]
  0x000001d1316293e0 JavaThread "Finalizer"                  daemon [_thread_blocked, id=33828, stack(0x000000c46e500000,0x000000c46e600000) (1024K)]
  0x000001d13162cbb0 JavaThread "Signal Dispatcher"          daemon [_thread_blocked, id=13020, stack(0x000000c46e600000,0x000000c46e700000) (1024K)]
=>0x000001d13162d800 JavaThread "Attach Listener"            daemon [_thread_in_vm, id=20676, stack(0x000000c46e700000,0x000000c46e800000) (1024K)]
  0x000001d11ac3db10 JavaThread "Service Thread"             daemon [_thread_blocked, id=35136, stack(0x000000c46e800000,0x000000c46e900000) (1024K)]
  0x000001d11ac47080 JavaThread "Monitor Deflation Thread"   daemon [_thread_blocked, id=21480, stack(0x000000c46e900000,0x000000c46ea00000) (1024K)]
  0x000001d1739d12f0 JavaThread "C2 CompilerThread0"         daemon [_thread_blocked, id=18140, stack(0x000000c46ea00000,0x000000c46eb00000) (1024K)]
  0x000001d11ac4e540 JavaThread "C1 CompilerThread0"         daemon [_thread_blocked, id=26436, stack(0x000000c46eb00000,0x000000c46ec00000) (1024K)]
  0x000001d11ac49150 JavaThread "Common-Cleaner"             daemon [_thread_blocked, id=25340, stack(0x000000c46ec00000,0x000000c46ed00000) (1024K)]
  0x000001d11ac48ac0 JavaThread "Notification Thread"        daemon [_thread_blocked, id=20008, stack(0x000000c46ee00000,0x000000c46ef00000) (1024K)]
  0x000001d11ac469f0 JavaThread "Active Thread: Equinox Container: 525db8a0-19f0-4b8d-aa51-3c604b234211"        [_thread_blocked, id=25312, stack(0x000000c46f600000,0x000000c46f700000) (1024K)]
  0x000001d11ac47710 JavaThread "Refresh Thread: Equinox Container: 525db8a0-19f0-4b8d-aa51-3c604b234211" daemon [_thread_blocked, id=4476, stack(0x000000c46f800000,0x000000c46f900000) (1024K)]
  0x000001d11ac49e70 JavaThread "Framework Event Dispatcher: Equinox Container: 525db8a0-19f0-4b8d-aa51-3c604b234211" daemon [_thread_blocked, id=7832, stack(0x000000c46f900000,0x000000c46fa00000) (1024K)]
  0x000001d11ac47da0 JavaThread "Start Level: Equinox Container: 525db8a0-19f0-4b8d-aa51-3c604b234211" daemon [_thread_blocked, id=25068, stack(0x000000c46fa00000,0x000000c46fb00000) (1024K)]
  0x000001d11ac48430 JavaThread "Bundle File Closer"         daemon [_thread_blocked, id=17620, stack(0x000000c46fd00000,0x000000c46fe00000) (1024K)]
  0x000001d179c19500 JavaThread "SCR Component Actor"        daemon [_thread_blocked, id=23472, stack(0x000000c46fe00000,0x000000c46ff00000) (1024K)]
  0x000001d179c16da0 JavaThread "Worker-JM"                         [_thread_blocked, id=35732, stack(0x000000c46ff00000,0x000000c470000000) (1024K)]
  0x000001d179c187e0 JavaThread "Worker-1"                          [_thread_blocked, id=7528, stack(0x000000c470100000,0x000000c470200000) (1024K)]
  0x000001d179c16080 JavaThread "Java indexing"              daemon [_thread_blocked, id=21368, stack(0x000000c470200000,0x000000c470300000) (1024K)]
  0x000001d179c17430 JavaThread "JNA Cleaner"                daemon [_thread_blocked, id=10764, stack(0x000000c470300000,0x000000c470400000) (1024K)]
  0x000001d179c1c2f0 JavaThread "Thread-1"                   daemon [_thread_in_native, id=34008, stack(0x000000c470800000,0x000000c470900000) (1024K)]
  0x000001d179c1b5d0 JavaThread "Thread-2"                   daemon [_thread_in_native, id=33384, stack(0x000000c470900000,0x000000c470a00000) (1024K)]
  0x000001d179c1d010 JavaThread "Thread-3"                   daemon [_thread_in_native, id=34408, stack(0x000000c470a00000,0x000000c470b00000) (1024K)]
  0x000001d179c1a8b0 JavaThread "Thread-4"                   daemon [_thread_in_native, id=19660, stack(0x000000c470b00000,0x000000c470c00000) (1024K)]
  0x000001d179c1af40 JavaThread "Thread-5"                   daemon [_thread_in_native, id=35316, stack(0x000000c470c00000,0x000000c470d00000) (1024K)]
  0x000001d179c1bc60 JavaThread "Thread-6"                   daemon [_thread_in_native, id=5348, stack(0x000000c470d00000,0x000000c470e00000) (1024K)]
  0x000001d179c19b90 JavaThread "Thread-7"                   daemon [_thread_in_native, id=22120, stack(0x000000c470e00000,0x000000c470f00000) (1024K)]
  0x000001d179c1c980 JavaThread "Thread-8"                   daemon [_thread_in_native, id=8176, stack(0x000000c470f00000,0x000000c471000000) (1024K)]
  0x000001d179c1d6a0 JavaThread "Thread-9"                   daemon [_thread_in_native, id=12368, stack(0x000000c471000000,0x000000c471100000) (1024K)]
  0x000001d179c1a220 JavaThread "Thread-10"                  daemon [_thread_in_native, id=28812, stack(0x000000c471100000,0x000000c471200000) (1024K)]
  0x000001d17c563b10 JavaThread "Thread-11"                  daemon [_thread_in_native, id=27556, stack(0x000000c471200000,0x000000c471300000) (1024K)]
  0x000001d17c5641a0 JavaThread "Thread-12"                  daemon [_thread_in_native, id=32256, stack(0x000000c471300000,0x000000c471400000) (1024K)]
  0x000001d17c562df0 JavaThread "Thread-13"                  daemon [_thread_in_native, id=24908, stack(0x000000c471400000,0x000000c471500000) (1024K)]
  0x000001d17c564ec0 JavaThread "pool-2-thread-1"                   [_thread_blocked, id=14892, stack(0x000000c471500000,0x000000c471600000) (1024K)]
  0x000001d17c563480 JavaThread "Worker-4"                          [_thread_blocked, id=23636, stack(0x000000c471600000,0x000000c471700000) (1024K)]
  0x000001d17c565550 JavaThread "WorkspaceEventsHandler"            [_thread_blocked, id=21852, stack(0x000000c471700000,0x000000c471800000) (1024K)]
  0x000001d17c564830 JavaThread "pool-1-thread-1"                   [_thread_blocked, id=34168, stack(0x000000c471800000,0x000000c471900000) (1024K)]
Total: 38

Other Threads:
  0x000001d11ac30be0 VMThread "VM Thread"                           [id=24872, stack(0x000000c46e300000,0x000000c46e400000) (1024K)]
  0x000001d11abfa420 WatcherThread "VM Periodic Task Thread"        [id=20024, stack(0x000000c46e200000,0x000000c46e300000) (1024K)]
  0x000001d11abaced0 WorkerThread "GC Thread#0"                     [id=10272, stack(0x000000c46e100000,0x000000c46e200000) (1024K)]
  0x000001d173d59d60 WorkerThread "GC Thread#1"                     [id=22060, stack(0x000000c46f000000,0x000000c46f100000) (1024K)]
  0x000001d17902b400 WorkerThread "GC Thread#2"                     [id=4432, stack(0x000000c46f100000,0x000000c46f200000) (1024K)]
  0x000001d179ac9b40 WorkerThread "GC Thread#3"                     [id=34652, stack(0x000000c46f200000,0x000000c46f300000) (1024K)]
  0x000001d179ac9ee0 WorkerThread "GC Thread#4"                     [id=25232, stack(0x000000c46f300000,0x000000c46f400000) (1024K)]
  0x000001d179aca280 WorkerThread "GC Thread#5"                     [id=19548, stack(0x000000c46f400000,0x000000c46f500000) (1024K)]
  0x000001d179b5f470 WorkerThread "GC Thread#6"                     [id=29524, stack(0x000000c46f500000,0x000000c46f600000) (1024K)]
  0x000001d179b4a270 WorkerThread "GC Thread#7"                     [id=22700, stack(0x000000c46f700000,0x000000c46f800000) (1024K)]
  0x000001d179af8c80 WorkerThread "GC Thread#8"                     [id=22368, stack(0x000000c46fb00000,0x000000c46fc00000) (1024K)]
  0x000001d179cc4e10 WorkerThread "GC Thread#9"                     [id=28784, stack(0x000000c46fc00000,0x000000c46fd00000) (1024K)]
Total: 12

Threads with active compile tasks:
Total: 0

VM state: not at safepoint (normal execution)

VM Mutex/Monitor currently owned by a thread: None

Heap address: 0x0000000080000000, size: 2048 MB, Compressed Oops mode: 32-bit

CDS archive(s) mapped at: [0x000001d132000000-0x000001d132ba0000-0x000001d132ba0000), size 12189696, SharedBaseAddress: 0x000001d132000000, ArchiveRelocationMode: 1.
Compressed class space mapped at: 0x000001d133000000-0x000001d173000000, reserved size: 1073741824
Narrow klass base: 0x000001d132000000, Narrow klass shift: 0, Narrow klass range: 0x100000000

GC Precious Log:
 CardTable entry size: 512
 CPUs: 12 total, 12 available
 Memory: 16105M
 Large Page Support: Disabled
 NUMA Support: Disabled
 Compressed Oops: Enabled (32-bit)
 Alignments: Space 512K, Generation 512K, Heap 2M
 Heap Min Capacity: 100M
 Heap Initial Capacity: 100M
 Heap Max Capacity: 2G
 Pre-touch: Disabled
 Parallel Workers: 10

Heap:
 PSYoungGen      total 24064K, used 11753K [0x00000000d5580000, 0x00000000d7880000, 0x0000000100000000)
  eden space 16384K, 27% used [0x00000000d5580000,0x00000000d59d2568,0x00000000d6580000)
  from space 7680K, 95% used [0x00000000d6700000,0x00000000d6e28000,0x00000000d6e80000)
  to   space 9728K, 0% used [0x00000000d6f00000,0x00000000d6f00000,0x00000000d7880000)
 ParOldGen       total 97792K, used 97420K [0x0000000080000000, 0x0000000085f80000, 0x00000000d5580000)
  object space 97792K, 99% used [0x0000000080000000,0x0000000085f23108,0x0000000085f80000)
 Metaspace       used 51389K, committed 52544K, reserved 1114112K
  class space    used 5674K, committed 6144K, reserved 1048576K

Card table byte_map: [0x000001d11a560000,0x000001d11a970000] _byte_map_base: 0x000001d11a160000

Marking Bits: (ParMarkBitMap*) 0x00007ff84e98a340
 Begin Bits: [0x000001d12d030000, 0x000001d12f030000)
 End Bits:   [0x000001d12f030000, 0x000001d131030000)

Polling page: 0x000001d11a350000

Metaspace:

Usage:
  Non-class:     44.64 MB used.
      Class:      5.54 MB used.
       Both:     50.18 MB used.

Virtual space:
  Non-class space:       64.00 MB reserved,      45.31 MB ( 71%) committed,  1 nodes.
      Class space:        1.00 GB reserved,       6.00 MB ( <1%) committed,  1 nodes.
             Both:        1.06 GB reserved,      51.31 MB (  5%) committed. 

Chunk freelists:
   Non-Class:  2.16 MB
       Class:  10.02 MB
        Both:  12.17 MB

MaxMetaspaceSize: unlimited
CompressedClassSpaceSize: 1.00 GB
Initial GC threshold: 21.00 MB
Current GC threshold: 58.38 MB
CDS: on
 - commit_granule_bytes: 65536.
 - commit_granule_words: 8192.
 - virtual_space_node_default_size: 8388608.
 - enlarge_chunks_in_place: 1.
 - use_allocation_guard: 0.


Internal statistics:

num_allocs_failed_limit: 8.
num_arena_births: 800.
num_arena_deaths: 14.
num_vsnodes_births: 2.
num_vsnodes_deaths: 0.
num_space_committed: 821.
num_space_uncommitted: 0.
num_chunks_returned_to_freelist: 22.
num_chunks_taken_from_freelist: 2845.
num_chunk_merges: 12.
num_chunk_splits: 1805.
num_chunks_enlarged: 1110.
num_inconsistent_stats: 0.

CodeHeap 'non-profiled nmethods': size=120000Kb used=3856Kb max_used=3856Kb free=116143Kb
 bounds [0x000001d125850000, 0x000001d125c20000, 0x000001d12cd80000]
CodeHeap 'profiled nmethods': size=120000Kb used=13757Kb max_used=13757Kb free=106242Kb
 bounds [0x000001d11dd80000, 0x000001d11eaf0000, 0x000001d1252b0000]
CodeHeap 'non-nmethods': size=5760Kb used=1413Kb max_used=1478Kb free=4346Kb
 bounds [0x000001d1252b0000, 0x000001d125520000, 0x000001d125850000]
CodeCache: size=245760Kb, used=19026Kb, max_used=19091Kb, free=226731Kb
 total_blobs=7313, nmethods=6608, adapters=611, full_count=0
Compilation: enabled, stopped_count=0, restarted_count=0

Compilation events (20 events):
Event: 11087.009 Thread 0x000001d11ac4e540 7167       3       org.eclipse.core.internal.utils.FileUtil::canonicalURI (42 bytes)
Event: 11087.009 Thread 0x000001d11ac4e540 nmethod 7167 0x000001d11eae8410 code [0x000001d11eae8600, 0x000001d11eae8918]
Event: 11087.009 Thread 0x000001d11ac4e540 7168   !   3       org.eclipse.core.filesystem.URIUtil::toURI (137 bytes)
Event: 11087.011 Thread 0x000001d11ac4e540 nmethod 7168 0x000001d11eae8a90 code [0x000001d11eae8de0, 0x000001d11eae9ee8]
Event: 11087.011 Thread 0x000001d11ac4e540 7169       3       org.eclipse.core.runtime.Path::removeFirstSegments (91 bytes)
Event: 11087.011 Thread 0x000001d11ac4e540 nmethod 7169 0x000001d11eaea710 code [0x000001d11eaea940, 0x000001d11eaeb070]
Event: 11087.011 Thread 0x000001d11ac4e540 7171  s    3       org.eclipse.core.internal.localstore.FileStoreRoot::getCanonicalRoot (23 bytes)
Event: 11087.012 Thread 0x000001d11ac4e540 nmethod 7171 0x000001d11eaeb310 code [0x000001d11eaeb4c0, 0x000001d11eaeb720]
Event: 11087.012 Thread 0x000001d11ac4e540 7172       3       org.eclipse.core.internal.localstore.FileStoreRoot::getManager (85 bytes)
Event: 11087.012 Thread 0x000001d11ac4e540 nmethod 7172 0x000001d11eaeb810 code [0x000001d11eaebb60, 0x000001d11eaecf68]
Event: 11087.012 Thread 0x000001d11ac4e540 7173       3       org.eclipse.core.internal.filesystem.local.LocalFile::equals (54 bytes)
Event: 11087.013 Thread 0x000001d11ac4e540 nmethod 7173 0x000001d11eaed690 code [0x000001d11eaed8a0, 0x000001d11eaee090]
Event: 11087.013 Thread 0x000001d11ac4e540 7170       3       java.net.URI::equal (19 bytes)
Event: 11087.013 Thread 0x000001d11ac4e540 nmethod 7170 0x000001d11eaee310 code [0x000001d11eaee4c0, 0x000001d11eaee630]
Event: 11102.941 Thread 0x000001d1739d12f0 7174       4       org.eclipse.core.internal.jobs.InternalJob::getState (60 bytes)
Event: 11102.941 Thread 0x000001d11ac4e540 7175       3       org.eclipse.core.internal.dtree.DataTreeNode::storeStrings (28 bytes)
Event: 11102.941 Thread 0x000001d11ac4e540 nmethod 7175 0x000001d11eaee710 code [0x000001d11eaee8e0, 0x000001d11eaeed60]
Event: 11102.941 Thread 0x000001d11ac4e540 7176       3       org.eclipse.core.internal.dtree.AbstractDataTreeNode::storeStrings (42 bytes)
Event: 11102.941 Thread 0x000001d1739d12f0 nmethod 7174 0x000001d125c13f10 code [0x000001d125c140a0, 0x000001d125c14198]
Event: 11102.942 Thread 0x000001d11ac4e540 nmethod 7176 0x000001d11eaeee90 code [0x000001d11eaef060, 0x000001d11eaef3d8]

GC Heap History (20 events):
Event: 4.694 GC heap before
{Heap before GC invocations=18 (full 2):
 PSYoungGen      total 23552K, used 22944K [0x00000000d5580000, 0x00000000d7000000, 0x0000000100000000)
  eden space 22016K, 100% used [0x00000000d5580000,0x00000000d6b00000,0x00000000d6b00000)
  from space 1536K, 60% used [0x00000000d6d80000,0x00000000d6e68000,0x00000000d6f00000)
  to   space 1024K, 0% used [0x00000000d6f00000,0x00000000d6f00000,0x00000000d7000000)
 ParOldGen       total 68608K, used 19725K [0x0000000080000000, 0x0000000084300000, 0x00000000d5580000)
  object space 68608K, 28% used [0x0000000080000000,0x00000000813435f0,0x0000000084300000)
 Metaspace       used 41539K, committed 42688K, reserved 1114112K
  class space    used 4495K, committed 4992K, reserved 1048576K
}
Event: 4.695 GC heap after
{Heap after GC invocations=18 (full 2):
 PSYoungGen      total 23040K, used 841K [0x00000000d5580000, 0x00000000d7000000, 0x0000000100000000)
  eden space 22016K, 0% used [0x00000000d5580000,0x00000000d5580000,0x00000000d6b00000)
  from space 1024K, 82% used [0x00000000d6f00000,0x00000000d6fd2460,0x00000000d7000000)
  to   space 1024K, 0% used [0x00000000d6e00000,0x00000000d6e00000,0x00000000d6f00000)
 ParOldGen       total 68608K, used 20373K [0x0000000080000000, 0x0000000084300000, 0x00000000d5580000)
  object space 68608K, 29% used [0x0000000080000000,0x00000000813e55f0,0x0000000084300000)
 Metaspace       used 41539K, committed 42688K, reserved 1114112K
  class space    used 4495K, committed 4992K, reserved 1048576K
}
Event: 4.882 GC heap before
{Heap before GC invocations=19 (full 2):
 PSYoungGen      total 23040K, used 22778K [0x00000000d5580000, 0x00000000d7000000, 0x0000000100000000)
  eden space 22016K, 99% used [0x00000000d5580000,0x00000000d6aec560,0x00000000d6b00000)
  from space 1024K, 82% used [0x00000000d6f00000,0x00000000d6fd2460,0x00000000d7000000)
  to   space 1024K, 0% used [0x00000000d6e00000,0x00000000d6e00000,0x00000000d6f00000)
 ParOldGen       total 68608K, used 20373K [0x0000000080000000, 0x0000000084300000, 0x00000000d5580000)
  object space 68608K, 29% used [0x0000000080000000,0x00000000813e55f0,0x0000000084300000)
 Metaspace       used 43899K, committed 45120K, reserved 1114112K
  class space    used 4786K, committed 5312K, reserved 1048576K
}
Event: 4.884 GC heap after
{Heap after GC invocations=19 (full 2):
 PSYoungGen      total 23040K, used 1009K [0x00000000d5580000, 0x00000000d6f80000, 0x0000000100000000)
  eden space 22016K, 0% used [0x00000000d5580000,0x00000000d5580000,0x00000000d6b00000)
  from space 1024K, 98% used [0x00000000d6e00000,0x00000000d6efc4a0,0x00000000d6f00000)
  to   space 512K, 0% used [0x00000000d6f00000,0x00000000d6f00000,0x00000000d6f80000)
 ParOldGen       total 68608K, used 21047K [0x0000000080000000, 0x0000000084300000, 0x00000000d5580000)
  object space 68608K, 30% used [0x0000000080000000,0x000000008148de28,0x0000000084300000)
 Metaspace       used 43899K, committed 45120K, reserved 1114112K
  class space    used 4786K, committed 5312K, reserved 1048576K
}
Event: 5.135 GC heap before
{Heap before GC invocations=20 (full 2):
 PSYoungGen      total 23040K, used 23025K [0x00000000d5580000, 0x00000000d6f80000, 0x0000000100000000)
  eden space 22016K, 100% used [0x00000000d5580000,0x00000000d6b00000,0x00000000d6b00000)
  from space 1024K, 98% used [0x00000000d6e00000,0x00000000d6efc4a0,0x00000000d6f00000)
  to   space 512K, 0% used [0x00000000d6f00000,0x00000000d6f00000,0x00000000d6f80000)
 ParOldGen       total 68608K, used 21047K [0x0000000080000000, 0x0000000084300000, 0x00000000d5580000)
  object space 68608K, 30% used [0x0000000080000000,0x000000008148de28,0x0000000084300000)
 Metaspace       used 46082K, committed 47232K, reserved 1114112K
  class space    used 5090K, committed 5568K, reserved 1048576K
}
Event: 5.136 GC heap after
{Heap after GC invocations=20 (full 2):
 PSYoungGen      total 22528K, used 496K [0x00000000d5580000, 0x00000000d7200000, 0x0000000100000000)
  eden space 22016K, 0% used [0x00000000d5580000,0x00000000d5580000,0x00000000d6b00000)
  from space 512K, 96% used [0x00000000d6f00000,0x00000000d6f7c028,0x00000000d6f80000)
  to   space 3584K, 0% used [0x00000000d6b00000,0x00000000d6b00000,0x00000000d6e80000)
 ParOldGen       total 68608K, used 23595K [0x0000000080000000, 0x0000000084300000, 0x00000000d5580000)
  object space 68608K, 34% used [0x0000000080000000,0x000000008170ae68,0x0000000084300000)
 Metaspace       used 46082K, committed 47232K, reserved 1114112K
  class space    used 5090K, committed 5568K, reserved 1048576K
}
Event: 5.428 GC heap before
{Heap before GC invocations=21 (full 2):
 PSYoungGen      total 22528K, used 22511K [0x00000000d5580000, 0x00000000d7200000, 0x0000000100000000)
  eden space 22016K, 99% used [0x00000000d5580000,0x00000000d6afffc8,0x00000000d6b00000)
  from space 512K, 96% used [0x00000000d6f00000,0x00000000d6f7c028,0x00000000d6f80000)
  to   space 3584K, 0% used [0x00000000d6b00000,0x00000000d6b00000,0x00000000d6e80000)
 ParOldGen       total 68608K, used 23595K [0x0000000080000000, 0x0000000084300000, 0x00000000d5580000)
  object space 68608K, 34% used [0x0000000080000000,0x000000008170ae68,0x0000000084300000)
 Metaspace       used 48664K, committed 49856K, reserved 1114112K
  class space    used 5398K, committed 5888K, reserved 1048576K
}
Event: 5.430 GC heap after
{Heap after GC invocations=21 (full 2):
 PSYoungGen      total 23552K, used 1337K [0x00000000d5580000, 0x00000000d6f80000, 0x0000000100000000)
  eden space 22016K, 0% used [0x00000000d5580000,0x00000000d5580000,0x00000000d6b00000)
  from space 1536K, 87% used [0x00000000d6b00000,0x00000000d6c4e5e0,0x00000000d6c80000)
  to   space 2048K, 0% used [0x00000000d6d80000,0x00000000d6d80000,0x00000000d6f80000)
 ParOldGen       total 68608K, used 24103K [0x0000000080000000, 0x0000000084300000, 0x00000000d5580000)
  object space 68608K, 35% used [0x0000000080000000,0x0000000081789ed0,0x0000000084300000)
 Metaspace       used 48664K, committed 49856K, reserved 1114112K
  class space    used 5398K, committed 5888K, reserved 1048576K
}
Event: 5.933 GC heap before
{Heap before GC invocations=22 (full 2):
 PSYoungGen      total 23552K, used 23353K [0x00000000d5580000, 0x00000000d6f80000, 0x0000000100000000)
  eden space 22016K, 100% used [0x00000000d5580000,0x00000000d6b00000,0x00000000d6b00000)
  from space 1536K, 87% used [0x00000000d6b00000,0x00000000d6c4e5e0,0x00000000d6c80000)
  to   space 2048K, 0% used [0x00000000d6d80000,0x00000000d6d80000,0x00000000d6f80000)
 ParOldGen       total 68608K, used 24103K [0x0000000080000000, 0x0000000084300000, 0x00000000d5580000)
  object space 68608K, 35% used [0x0000000080000000,0x0000000081789ed0,0x0000000084300000)
 Metaspace       used 50028K, committed 51136K, reserved 1114112K
  class space    used 5534K, committed 6016K, reserved 1048576K
}
Event: 5.935 GC heap after
{Heap after GC invocations=22 (full 2):
 PSYoungGen      total 23040K, used 768K [0x00000000d5580000, 0x00000000d6e80000, 0x0000000100000000)
  eden space 22016K, 0% used [0x00000000d5580000,0x00000000d5580000,0x00000000d6b00000)
  from space 1024K, 75% used [0x00000000d6d80000,0x00000000d6e40000,0x00000000d6e80000)
  to   space 1536K, 0% used [0x00000000d6b80000,0x00000000d6b80000,0x00000000d6d00000)
 ParOldGen       total 68608K, used 25178K [0x0000000080000000, 0x0000000084300000, 0x00000000d5580000)
  object space 68608K, 36% used [0x0000000080000000,0x0000000081896b90,0x0000000084300000)
 Metaspace       used 50028K, committed 51136K, reserved 1114112K
  class space    used 5534K, committed 6016K, reserved 1048576K
}
Event: 6.307 GC heap before
{Heap before GC invocations=23 (full 2):
 PSYoungGen      total 23040K, used 21442K [0x00000000d5580000, 0x00000000d6e80000, 0x0000000100000000)
  eden space 22016K, 93% used [0x00000000d5580000,0x00000000d69b09b0,0x00000000d6b00000)
  from space 1024K, 75% used [0x00000000d6d80000,0x00000000d6e40000,0x00000000d6e80000)
  to   space 1536K, 0% used [0x00000000d6b80000,0x00000000d6b80000,0x00000000d6d00000)
 ParOldGen       total 68608K, used 25178K [0x0000000080000000, 0x0000000084300000, 0x00000000d5580000)
  object space 68608K, 36% used [0x0000000080000000,0x0000000081896b90,0x0000000084300000)
 Metaspace       used 50735K, committed 51904K, reserved 1114112K
  class space    used 5621K, committed 6080K, reserved 1048576K
}
Event: 6.309 GC heap after
{Heap after GC invocations=23 (full 2):
 PSYoungGen      total 23552K, used 1429K [0x00000000d5580000, 0x00000000d6f00000, 0x0000000100000000)
  eden space 22016K, 0% used [0x00000000d5580000,0x00000000d5580000,0x00000000d6b00000)
  from space 1536K, 93% used [0x00000000d6b80000,0x00000000d6ce57b8,0x00000000d6d00000)
  to   space 2048K, 0% used [0x00000000d6d00000,0x00000000d6d00000,0x00000000d6f00000)
 ParOldGen       total 68608K, used 28416K [0x0000000080000000, 0x0000000084300000, 0x00000000d5580000)
  object space 68608K, 41% used [0x0000000080000000,0x0000000081bc0378,0x0000000084300000)
 Metaspace       used 50735K, committed 51904K, reserved 1114112K
  class space    used 5621K, committed 6080K, reserved 1048576K
}
Event: 6.418 GC heap before
{Heap before GC invocations=24 (full 2):
 PSYoungGen      total 23552K, used 23445K [0x00000000d5580000, 0x00000000d6f00000, 0x0000000100000000)
  eden space 22016K, 100% used [0x00000000d5580000,0x00000000d6b00000,0x00000000d6b00000)
  from space 1536K, 93% used [0x00000000d6b80000,0x00000000d6ce57b8,0x00000000d6d00000)
  to   space 2048K, 0% used [0x00000000d6d00000,0x00000000d6d00000,0x00000000d6f00000)
 ParOldGen       total 68608K, used 65755K [0x0000000080000000, 0x0000000084300000, 0x00000000d5580000)
  object space 68608K, 95% used [0x0000000080000000,0x0000000084036ec8,0x0000000084300000)
 Metaspace       used 50751K, committed 51904K, reserved 1114112K
  class space    used 5624K, committed 6080K, reserved 1048576K
}
Event: 6.422 GC heap after
{Heap after GC invocations=24 (full 2):
 PSYoungGen      total 18432K, used 2048K [0x00000000d5580000, 0x00000000d7a00000, 0x0000000100000000)
  eden space 16384K, 0% used [0x00000000d5580000,0x00000000d5580000,0x00000000d6580000)
  from space 2048K, 100% used [0x00000000d6d00000,0x00000000d6f00000,0x00000000d6f00000)
  to   space 7680K, 0% used [0x00000000d6580000,0x00000000d6580000,0x00000000d6d00000)
 ParOldGen       total 70144K, used 70068K [0x0000000080000000, 0x0000000084480000, 0x00000000d5580000)
  object space 70144K, 99% used [0x0000000080000000,0x000000008446d108,0x0000000084480000)
 Metaspace       used 50751K, committed 51904K, reserved 1114112K
  class space    used 5624K, committed 6080K, reserved 1048576K
}
Event: 6.455 GC heap before
{Heap before GC invocations=25 (full 2):
 PSYoungGen      total 18432K, used 18432K [0x00000000d5580000, 0x00000000d7a00000, 0x0000000100000000)
  eden space 16384K, 100% used [0x00000000d5580000,0x00000000d6580000,0x00000000d6580000)
  from space 2048K, 100% used [0x00000000d6d00000,0x00000000d6f00000,0x00000000d6f00000)
  to   space 7680K, 0% used [0x00000000d6580000,0x00000000d6580000,0x00000000d6d00000)
 ParOldGen       total 70144K, used 70068K [0x0000000080000000, 0x0000000084480000, 0x00000000d5580000)
  object space 70144K, 99% used [0x0000000080000000,0x000000008446d108,0x0000000084480000)
 Metaspace       used 50751K, committed 51904K, reserved 1114112K
  class space    used 5624K, committed 6080K, reserved 1048576K
}
Event: 6.462 GC heap after
{Heap after GC invocations=25 (full 2):
 PSYoungGen      total 24064K, used 7680K [0x00000000d5580000, 0x00000000d8580000, 0x0000000100000000)
  eden space 16384K, 0% used [0x00000000d5580000,0x00000000d5580000,0x00000000d6580000)
  from space 7680K, 100% used [0x00000000d6580000,0x00000000d6d00000,0x00000000d6d00000)
  to   space 16384K, 0% used [0x00000000d7580000,0x00000000d7580000,0x00000000d8580000)
 ParOldGen       total 77312K, used 77100K [0x0000000080000000, 0x0000000084b80000, 0x00000000d5580000)
  object space 77312K, 99% used [0x0000000080000000,0x0000000084b4b108,0x0000000084b80000)
 Metaspace       used 50751K, committed 51904K, reserved 1114112K
  class space    used 5624K, committed 6080K, reserved 1048576K
}
Event: 6.490 GC heap before
{Heap before GC invocations=26 (full 2):
 PSYoungGen      total 24064K, used 24064K [0x00000000d5580000, 0x00000000d8580000, 0x0000000100000000)
  eden space 16384K, 100% used [0x00000000d5580000,0x00000000d6580000,0x00000000d6580000)
  from space 7680K, 100% used [0x00000000d6580000,0x00000000d6d00000,0x00000000d6d00000)
  to   space 16384K, 0% used [0x00000000d7580000,0x00000000d7580000,0x00000000d8580000)
 ParOldGen       total 77312K, used 77100K [0x0000000080000000, 0x0000000084b80000, 0x00000000d5580000)
  object space 77312K, 99% used [0x0000000080000000,0x0000000084b4b108,0x0000000084b80000)
 Metaspace       used 50751K, committed 51904K, reserved 1114112K
  class space    used 5624K, committed 6080K, reserved 1048576K
}
Event: 6.500 GC heap after
{Heap after GC invocations=26 (full 2):
 PSYoungGen      total 29184K, used 12672K [0x00000000d5580000, 0x00000000d8200000, 0x0000000100000000)
  eden space 16384K, 0% used [0x00000000d5580000,0x00000000d5580000,0x00000000d6580000)
  from space 12800K, 99% used [0x00000000d7580000,0x00000000d81e0000,0x00000000d8200000)
  to   space 13824K, 0% used [0x00000000d6700000,0x00000000d6700000,0x00000000d7480000)
 ParOldGen       total 84992K, used 84836K [0x0000000080000000, 0x0000000085300000, 0x00000000d5580000)
  object space 84992K, 99% used [0x0000000080000000,0x00000000852d9108,0x0000000085300000)
 Metaspace       used 50751K, committed 51904K, reserved 1114112K
  class space    used 5624K, committed 6080K, reserved 1048576K
}
Event: 5613.232 GC heap before
{Heap before GC invocations=27 (full 2):
 PSYoungGen      total 29184K, used 29055K [0x00000000d5580000, 0x00000000d8200000, 0x0000000100000000)
  eden space 16384K, 99% used [0x00000000d5580000,0x00000000d657ff70,0x00000000d6580000)
  from space 12800K, 99% used [0x00000000d7580000,0x00000000d81e0000,0x00000000d8200000)
  to   space 13824K, 0% used [0x00000000d6700000,0x00000000d6700000,0x00000000d7480000)
 ParOldGen       total 84992K, used 84836K [0x0000000080000000, 0x0000000085300000, 0x00000000d5580000)
  object space 84992K, 99% used [0x0000000080000000,0x00000000852d9108,0x0000000085300000)
 Metaspace       used 51232K, committed 52416K, reserved 1114112K
  class space    used 5666K, committed 6144K, reserved 1048576K
}
Event: 5613.252 GC heap after
{Heap after GC invocations=27 (full 2):
 PSYoungGen      total 24064K, used 7328K [0x00000000d5580000, 0x00000000d7880000, 0x0000000100000000)
  eden space 16384K, 0% used [0x00000000d5580000,0x00000000d5580000,0x00000000d6580000)
  from space 7680K, 95% used [0x00000000d6700000,0x00000000d6e28000,0x00000000d6e80000)
  to   space 9728K, 0% used [0x00000000d6f00000,0x00000000d6f00000,0x00000000d7880000)
 ParOldGen       total 97792K, used 97420K [0x0000000080000000, 0x0000000085f80000, 0x00000000d5580000)
  object space 97792K, 99% used [0x0000000080000000,0x0000000085f23108,0x0000000085f80000)
 Metaspace       used 51232K, committed 52416K, reserved 1114112K
  class space    used 5666K, committed 6144K, reserved 1048576K
}

Dll operation events (14 events):
Event: 0.015 Loaded shared library c:\Users\aksar\.vscode\extensions\redhat.java-1.47.0-win32-x64\jre\21.0.8-win32-x86_64\bin\java.dll
Event: 0.049 Loaded shared library c:\Users\aksar\.vscode\extensions\redhat.java-1.47.0-win32-x64\jre\21.0.8-win32-x86_64\bin\zip.dll
Event: 0.129 Loaded shared library C:\Users\aksar\.vscode\extensions\redhat.java-1.47.0-win32-x64\jre\21.0.8-win32-x86_64\bin\instrument.dll
Event: 0.135 Loaded shared library C:\Users\aksar\.vscode\extensions\redhat.java-1.47.0-win32-x64\jre\21.0.8-win32-x86_64\bin\net.dll
Event: 0.141 Loaded shared library C:\Users\aksar\.vscode\extensions\redhat.java-1.47.0-win32-x64\jre\21.0.8-win32-x86_64\bin\nio.dll
Event: 0.146 Loaded shared library C:\Users\aksar\.vscode\extensions\redhat.java-1.47.0-win32-x64\jre\21.0.8-win32-x86_64\bin\zip.dll
Event: 0.168 Loaded shared library C:\Users\aksar\.vscode\extensions\redhat.java-1.47.0-win32-x64\jre\21.0.8-win32-x86_64\bin\jimage.dll
Event: 0.287 Loaded shared library c:\Users\aksar\.vscode\extensions\redhat.java-1.47.0-win32-x64\jre\21.0.8-win32-x86_64\bin\verify.dll
Event: 1.438 Loaded shared library C:\Users\aksar\AppData\Roaming\Code\User\globalStorage\redhat.java\1.47.0\config_win\org.eclipse.equinox.launcher\org.eclipse.equinox.launcher.win32.win32.x86_64_1.2.1400.v20250801-0854\eclipse_11916.dll
Event: 2.546 Loaded shared library C:\Users\aksar\.vscode\extensions\redhat.java-1.47.0-win32-x64\jre\21.0.8-win32-x86_64\bin\management.dll
Event: 2.549 Loaded shared library C:\Users\aksar\.vscode\extensions\redhat.java-1.47.0-win32-x64\jre\21.0.8-win32-x86_64\bin\management_ext.dll
Event: 3.896 Loaded shared library C:\Users\aksar\AppData\Local\Temp\jna-92882810\jna14841200332050453139.dll
Event: 3.989 Loaded shared library C:\Users\aksar\.vscode\extensions\redhat.java-1.47.0-win32-x64\jre\21.0.8-win32-x86_64\bin\sunmscapi.dll
Event: 4.541 Loaded shared library C:\Users\aksar\.vscode\extensions\redhat.java-1.47.0-win32-x64\jre\21.0.8-win32-x86_64\bin\extnet.dll

Deoptimization events (20 events):
Event: 454.975 Thread 0x000001d17c564830 DEOPT PACKING pc=0x000001d125bc05ac sp=0x000000c4718feae0
Event: 454.975 Thread 0x000001d17c564830 DEOPT UNPACKING pc=0x000001d125306da2 sp=0x000000c4718fea70 mode 2
Event: 469.381 Thread 0x000001d17c565550 DEOPT PACKING pc=0x000001d11e98b0ce sp=0x000000c4717fe270
Event: 469.381 Thread 0x000001d17c565550 DEOPT UNPACKING pc=0x000001d1253078e2 sp=0x000000c4717fd7f0 mode 0
Event: 469.381 Thread 0x000001d17c565550 Uncommon trap: trap_request=0xffffff45 fr.pc=0x000001d12590d5ec relative=0x000000000000004c
Event: 469.381 Thread 0x000001d17c565550 Uncommon trap: reason=unstable_if action=reinterpret pc=0x000001d12590d5ec method=sun.nio.fs.WindowsPathParser.isSlash(C)Z @ 9 c2
Event: 469.381 Thread 0x000001d17c565550 DEOPT PACKING pc=0x000001d12590d5ec sp=0x000000c4717fe300
Event: 469.381 Thread 0x000001d17c565550 DEOPT UNPACKING pc=0x000001d125306da2 sp=0x000000c4717fe288 mode 2
Event: 1930.164 Thread 0x000001d17c565550 DEOPT PACKING pc=0x000001d11e23231f sp=0x000000c4717fe5f0
Event: 1930.164 Thread 0x000001d17c565550 DEOPT UNPACKING pc=0x000001d1253078e2 sp=0x000000c4717fdac8 mode 0
Event: 2762.645 Thread 0x000001d17c565550 DEOPT PACKING pc=0x000001d11de24cf8 sp=0x000000c4717fe510
Event: 2762.645 Thread 0x000001d17c565550 DEOPT UNPACKING pc=0x000001d1253078e2 sp=0x000000c4717fd9f8 mode 0
Event: 3224.499 Thread 0x000001d17c565550 DEOPT PACKING pc=0x000001d11e98b0ce sp=0x000000c4717fe320
Event: 3224.499 Thread 0x000001d17c565550 DEOPT UNPACKING pc=0x000001d1253078e2 sp=0x000000c4717fd8a0 mode 0
Event: 4827.212 Thread 0x000001d17c565550 DEOPT PACKING pc=0x000001d11e98b0ce sp=0x000000c4717fe2c0
Event: 4827.212 Thread 0x000001d17c565550 DEOPT UNPACKING pc=0x000001d1253078e2 sp=0x000000c4717fd840 mode 0
Event: 5621.068 Thread 0x000001d17c565550 DEOPT PACKING pc=0x000001d11e98b0ce sp=0x000000c4717fe210
Event: 5621.068 Thread 0x000001d17c565550 DEOPT UNPACKING pc=0x000001d1253078e2 sp=0x000000c4717fd790 mode 0
Event: 6062.381 Thread 0x000001d17c565550 DEOPT PACKING pc=0x000001d11e98b0ce sp=0x000000c4717fe350
Event: 6062.381 Thread 0x000001d17c565550 DEOPT UNPACKING pc=0x000001d1253078e2 sp=0x000000c4717fd8d0 mode 0

Classes loaded (20 events):
Event: 6.355 Loading class java/util/zip/GZIPInputStream$1
Event: 6.355 Loading class java/util/zip/GZIPInputStream$1 done
Event: 9.915 Loading class sun/security/ssl/Alert
Event: 9.916 Loading class sun/security/ssl/Alert done
Event: 9.917 Loading class sun/security/ssl/Alert$AlertConsumer
Event: 9.917 Loading class sun/security/ssl/Alert$AlertConsumer done
Event: 9.917 Loading class sun/security/ssl/Alert$Level
Event: 9.917 Loading class sun/security/ssl/Alert$Level done
Event: 454.980 Loading class java/util/stream/DistinctOps
Event: 454.980 Loading class java/util/stream/DistinctOps done
Event: 454.980 Loading class java/util/stream/DistinctOps$1
Event: 454.981 Loading class java/util/stream/DistinctOps$1 done
Event: 454.985 Loading class java/util/stream/DistinctOps$1$2
Event: 454.985 Loading class java/util/stream/DistinctOps$1$2 done
Event: 455.042 Loading class java/nio/file/DirectoryNotEmptyException
Event: 455.042 Loading class java/nio/file/DirectoryNotEmptyException done
Event: 455.081 Loading class jdk/internal/reflect/MethodHandleShortFieldAccessorImpl
Event: 455.081 Loading class jdk/internal/reflect/MethodHandleShortFieldAccessorImpl done
Event: 455.082 Loading class java/lang/Short$ShortCache
Event: 455.082 Loading class java/lang/Short$ShortCache done

Classes unloaded (7 events):
Event: 3.279 Thread 0x000001d11ac30be0 Unloading class 0x000001d1331b1000 'java/lang/invoke/LambdaForm$MH+0x000001d1331b1000'
Event: 3.279 Thread 0x000001d11ac30be0 Unloading class 0x000001d1331b0c00 'java/lang/invoke/LambdaForm$MH+0x000001d1331b0c00'
Event: 3.279 Thread 0x000001d11ac30be0 Unloading class 0x000001d1331b0800 'java/lang/invoke/LambdaForm$MH+0x000001d1331b0800'
Event: 3.279 Thread 0x000001d11ac30be0 Unloading class 0x000001d1331b0400 'java/lang/invoke/LambdaForm$MH+0x000001d1331b0400'
Event: 3.279 Thread 0x000001d11ac30be0 Unloading class 0x000001d1331b0000 'java/lang/invoke/LambdaForm$BMH+0x000001d1331b0000'
Event: 3.279 Thread 0x000001d11ac30be0 Unloading class 0x000001d1331afc00 'java/lang/invoke/LambdaForm$DMH+0x000001d1331afc00'
Event: 3.279 Thread 0x000001d11ac30be0 Unloading class 0x000001d1331aec00 'java/lang/invoke/LambdaForm$DMH+0x000001d1331aec00'

Classes redefined (0 events):
No events

Internal exceptions (20 events):
Event: 6.151 Thread 0x000001d179c17ac0 Exception <a 'sun/nio/fs/WindowsException'{0x00000000d5d82708}> (0x00000000d5d82708) 
thrown [s\src\hotspot\share\prims\jni.cpp, line 520]
Event: 6.152 Thread 0x000001d179c17ac0 Exception <a 'sun/nio/fs/WindowsException'{0x00000000d5d86230}> (0x00000000d5d86230) 
thrown [s\src\hotspot\share\prims\jni.cpp, line 520]
Event: 6.153 Thread 0x000001d179c17ac0 Exception <a 'sun/nio/fs/WindowsException'{0x00000000d5d89c98}> (0x00000000d5d89c98) 
thrown [s\src\hotspot\share\prims\jni.cpp, line 520]
Event: 6.153 Thread 0x000001d179c17ac0 Exception <a 'sun/nio/fs/WindowsException'{0x00000000d5d8d710}> (0x00000000d5d8d710) 
thrown [s\src\hotspot\share\prims\jni.cpp, line 520]
Event: 6.153 Thread 0x000001d179c17ac0 Exception <a 'sun/nio/fs/WindowsException'{0x00000000d5d91498}> (0x00000000d5d91498) 
thrown [s\src\hotspot\share\prims\jni.cpp, line 520]
Event: 6.154 Thread 0x000001d179c17ac0 Exception <a 'sun/nio/fs/WindowsException'{0x00000000d5d94f40}> (0x00000000d5d94f40) 
thrown [s\src\hotspot\share\prims\jni.cpp, line 520]
Event: 6.154 Thread 0x000001d179c17ac0 Exception <a 'sun/nio/fs/WindowsException'{0x00000000d5d98720}> (0x00000000d5d98720) 
thrown [s\src\hotspot\share\prims\jni.cpp, line 520]
Event: 6.155 Thread 0x000001d179c17ac0 Exception <a 'sun/nio/fs/WindowsException'{0x00000000d5d9c110}> (0x00000000d5d9c110) 
thrown [s\src\hotspot\share\prims\jni.cpp, line 520]
Event: 6.177 Thread 0x000001d17c564830 Exception <a 'sun/nio/fs/WindowsException'{0x00000000d5ea7900}> (0x00000000d5ea7900) 
thrown [s\src\hotspot\share\prims\jni.cpp, line 520]
Event: 6.180 Thread 0x000001d17c564830 Exception <a 'java/io/FileNotFoundException'{0x00000000d5ecba08}> (0x00000000d5ecba08) 
thrown [s\src\hotspot\share\prims\jni.cpp, line 520]
Event: 6.180 Thread 0x000001d17c564830 Exception <a 'sun/nio/fs/WindowsException'{0x00000000d5ecd0e8}> (0x00000000d5ecd0e8) 
thrown [s\src\hotspot\share\prims\jni.cpp, line 520]
Event: 6.181 Thread 0x000001d17c564830 Exception <a 'sun/nio/fs/WindowsException'{0x00000000d5ecd7f8}> (0x00000000d5ecd7f8) 
thrown [s\src\hotspot\share\prims\jni.cpp, line 520]
Event: 6.181 Thread 0x000001d17c564830 Exception <a 'sun/nio/fs/WindowsException'{0x00000000d5ed0b60}> (0x00000000d5ed0b60) 
thrown [s\src\hotspot\share\prims\jni.cpp, line 520]
Event: 6.181 Thread 0x000001d17c564830 Exception <a 'sun/nio/fs/WindowsException'{0x00000000d5ed1270}> (0x00000000d5ed1270) 
thrown [s\src\hotspot\share\prims\jni.cpp, line 520]
Event: 6.182 Thread 0x000001d17c564830 Exception <a 'sun/nio/fs/WindowsException'{0x00000000d5ed1ff8}> (0x00000000d5ed1ff8) 
thrown [s\src\hotspot\share\prims\jni.cpp, line 520]
Event: 6.182 Thread 0x000001d17c564830 Exception <a 'sun/nio/fs/WindowsException'{0x00000000d5ed2628}> (0x00000000d5ed2628) 
thrown [s\src\hotspot\share\prims\jni.cpp, line 520]
Event: 6.182 Thread 0x000001d17c564830 Exception <a 'sun/nio/fs/WindowsException'{0x00000000d5ed31b0}> (0x00000000d5ed31b0) 
thrown [s\src\hotspot\share\prims\jni.cpp, line 520]
Event: 6.182 Thread 0x000001d17c564830 Exception <a 'sun/nio/fs/WindowsException'{0x00000000d5ed37e0}> (0x00000000d5ed37e0) 
thrown [s\src\hotspot\share\prims\jni.cpp, line 520]
Event: 6.235 Thread 0x000001d17c564830 Exception <a 'java/lang/IncompatibleClassChangeError'{0x00000000d6119818}: Found class java.lang.Object, but interface was expected> (0x00000000d6119818) 
thrown [s\src\hotspot\share\interpreter\linkResolver.cpp, line 840]
Event: 5765.267 Thread 0x000001d17c564830 Exception <a 'java/lang/IncompatibleClassChangeError'{0x00000000d5641548}: Found class java.lang.Object, but interface was expected> (0x00000000d5641548) 
thrown [s\src\hotspot\share\interpreter\linkResolver.cpp, line 840]

ZGC Phase Switch (0 events):
No events

VM Operations (20 events):
Event: 10764.107 Executing VM operation: HandshakeAllThreads (HandshakeForDeflation)
Event: 10764.107 Executing VM operation: HandshakeAllThreads (HandshakeForDeflation) done
Event: 10764.107 Executing VM operation: RendezvousGCThreads
Event: 10764.107 Executing VM operation: RendezvousGCThreads done
Event: 10824.299 Executing VM operation: HandshakeAllThreads (HandshakeForDeflation)
Event: 10824.299 Executing VM operation: HandshakeAllThreads (HandshakeForDeflation) done
Event: 10824.299 Executing VM operation: RendezvousGCThreads
Event: 10824.299 Executing VM operation: RendezvousGCThreads done
Event: 11004.669 Executing VM operation: HandshakeAllThreads (HandshakeForDeflation)
Event: 11004.669 Executing VM operation: HandshakeAllThreads (HandshakeForDeflation) done
Event: 11004.670 Executing VM operation: RendezvousGCThreads
Event: 11004.670 Executing VM operation: RendezvousGCThreads done
Event: 11125.131 Executing VM operation: HandshakeAllThreads (HandshakeForDeflation)
Event: 11125.131 Executing VM operation: HandshakeAllThreads (HandshakeForDeflation) done
Event: 11125.131 Executing VM operation: RendezvousGCThreads
Event: 11125.131 Executing VM operation: RendezvousGCThreads done
Event: 11245.569 Executing VM operation: HandshakeAllThreads (HandshakeForDeflation)
Event: 11245.569 Executing VM operation: HandshakeAllThreads (HandshakeForDeflation) done
Event: 11245.569 Executing VM operation: RendezvousGCThreads
Event: 11245.569 Executing VM operation: RendezvousGCThreads done

Memory protections (0 events):
No events

Nmethod flushes (20 events):
Event: 4.236 Thread 0x000001d11ac30be0 flushing  nmethod 0x000001d11e378510
Event: 4.236 Thread 0x000001d11ac30be0 flushing  nmethod 0x000001d11e379a90
Event: 4.236 Thread 0x000001d11ac30be0 flushing  nmethod 0x000001d11e379f90
Event: 4.236 Thread 0x000001d11ac30be0 flushing  nmethod 0x000001d11e37b310
Event: 4.236 Thread 0x000001d11ac30be0 flushing  nmethod 0x000001d11e37c010
Event: 4.236 Thread 0x000001d11ac30be0 flushing  nmethod 0x000001d11e37c990
Event: 4.236 Thread 0x000001d11ac30be0 flushing  nmethod 0x000001d11e385990
Event: 4.236 Thread 0x000001d11ac30be0 flushing  nmethod 0x000001d11e386c10
Event: 4.236 Thread 0x000001d11ac30be0 flushing  nmethod 0x000001d11e387890
Event: 4.236 Thread 0x000001d11ac30be0 flushing  nmethod 0x000001d11e387b90
Event: 4.236 Thread 0x000001d11ac30be0 flushing  nmethod 0x000001d11e3a8c90
Event: 4.236 Thread 0x000001d11ac30be0 flushing  nmethod 0x000001d11e3b5590
Event: 4.236 Thread 0x000001d11ac30be0 flushing  nmethod 0x000001d11e3bce90
Event: 4.236 Thread 0x000001d11ac30be0 flushing  nmethod 0x000001d11e3c2910
Event: 4.236 Thread 0x000001d11ac30be0 flushing  nmethod 0x000001d11e44c590
Event: 4.236 Thread 0x000001d11ac30be0 flushing  nmethod 0x000001d11e4a7090
Event: 4.236 Thread 0x000001d11ac30be0 flushing  nmethod 0x000001d11e4a7d90
Event: 4.236 Thread 0x000001d11ac30be0 flushing  nmethod 0x000001d11e4a8290
Event: 4.236 Thread 0x000001d11ac30be0 flushing  nmethod 0x000001d11e4a8690
Event: 4.236 Thread 0x000001d11ac30be0 flushing  nmethod 0x000001d11e4b7a10

Events (20 events):
Event: 6.519 Thread 0x000001d17c567620 Thread exited: 0x000001d17c567620
Event: 7.157 Thread 0x000001d1791418a0 Thread exited: 0x000001d1791418a0
Event: 7.283 Thread 0x000001d173bedd50 Thread exited: 0x000001d173bedd50
Event: 14.920 Thread 0x000001d17c562760 Thread exited: 0x000001d17c562760
Event: 31.296 Thread 0x000001d11ac4e540 Thread added: 0x000001d17ccfb420
Event: 31.301 Thread 0x000001d11ac4e540 Thread added: 0x000001d179607b80
Event: 36.340 Thread 0x000001d179607b80 Thread exited: 0x000001d179607b80
Event: 41.350 Thread 0x000001d17ccfb420 Thread exited: 0x000001d17ccfb420
Event: 66.215 Thread 0x000001d179c18e70 Thread exited: 0x000001d179c18e70
Event: 66.247 Thread 0x000001d17c565be0 Thread exited: 0x000001d17c565be0
Event: 66.247 Thread 0x000001d179c18150 Thread exited: 0x000001d179c18150
Event: 66.247 Thread 0x000001d179c17ac0 Thread exited: 0x000001d179c17ac0
Event: 66.292 Thread 0x000001d17c5696f0 Thread exited: 0x000001d17c5696f0
Event: 126.300 Thread 0x000001d17c566f90 Thread exited: 0x000001d17c566f90
Event: 186.315 Thread 0x000001d17c569d80 Thread exited: 0x000001d17c569d80
Event: 246.322 Thread 0x000001d17c566270 Thread exited: 0x000001d17c566270
Event: 306.321 Thread 0x000001d17c569060 Thread exited: 0x000001d17c569060
Event: 366.329 Thread 0x000001d17c566900 Thread exited: 0x000001d17c566900
Event: 5765.271 Thread 0x000001d17c564830 Thread added: 0x000001d17c565be0
Event: 5825.298 Thread 0x000001d17c565be0 Thread exited: 0x000001d17c565be0


Dynamic libraries:
0x00007ff67f310000 - 0x00007ff67f31e000 	c:\Users\aksar\.vscode\extensions\redhat.java-1.47.0-win32-x64\jre\21.0.8-win32-x86_64\bin\java.exe
0x00007ff8f8f60000 - 0x00007ff8f91c9000 	C:\WINDOWS\SYSTEM32\ntdll.dll
0x00007ff8f7870000 - 0x00007ff8f7939000 	C:\WINDOWS\System32\KERNEL32.DLL
0x00007ff8f6530000 - 0x00007ff8f6923000 	C:\WINDOWS\System32\KERNELBASE.dll
0x00007ff8f6be0000 - 0x00007ff8f6d2b000 	C:\WINDOWS\System32\ucrtbase.dll
0x00007ff8e4c40000 - 0x00007ff8e4c5e000 	c:\Users\aksar\.vscode\extensions\redhat.java-1.47.0-win32-x64\jre\21.0.8-win32-x86_64\bin\VCRUNTIME140.dll
0x00007ff8e6020000 - 0x00007ff8e6038000 	c:\Users\aksar\.vscode\extensions\redhat.java-1.47.0-win32-x64\jre\21.0.8-win32-x86_64\bin\jli.dll
0x00007ff8f82d0000 - 0x00007ff8f8494000 	C:\WINDOWS\System32\USER32.dll
0x00007ff8f5510000 - 0x00007ff8f57a3000 	C:\WINDOWS\WinSxS\amd64_microsoft.windows.common-controls_6595b64144ccf1df_6.0.26100.5074_none_3e0d6f78e32fd63f\COMCTL32.dll
0x00007ff8f6240000 - 0x00007ff8f6267000 	C:\WINDOWS\System32\win32u.dll
0x00007ff8f8ad0000 - 0x00007ff8f8afb000 	C:\WINDOWS\System32\GDI32.dll
0x00007ff8f7940000 - 0x00007ff8f79e9000 	C:\WINDOWS\System32\msvcrt.dll
0x00007ff8f6ab0000 - 0x00007ff8f6bdd000 	C:\WINDOWS\System32\gdi32full.dll
0x00007ff8f6310000 - 0x00007ff8f63b3000 	C:\WINDOWS\System32\msvcp_win.dll
0x00007ff8f8c00000 - 0x00007ff8f8c2f000 	C:\WINDOWS\System32\IMM32.DLL
0x00007ff8ed280000 - 0x00007ff8ed28c000 	c:\Users\aksar\.vscode\extensions\redhat.java-1.47.0-win32-x64\jre\21.0.8-win32-x86_64\bin\vcruntime140_1.dll
0x00007ff8be2c0000 - 0x00007ff8be34d000 	c:\Users\aksar\.vscode\extensions\redhat.java-1.47.0-win32-x64\jre\21.0.8-win32-x86_64\bin\msvcp140.dll
0x00007ff84dcd0000 - 0x00007ff84ea67000 	c:\Users\aksar\.vscode\extensions\redhat.java-1.47.0-win32-x64\jre\21.0.8-win32-x86_64\bin\server\jvm.dll
0x00007ff8f7750000 - 0x00007ff8f7804000 	C:\WINDOWS\System32\ADVAPI32.dll
0x00007ff8f7ad0000 - 0x00007ff8f7b76000 	C:\WINDOWS\System32\sechost.dll
0x00007ff8f6e40000 - 0x00007ff8f6f58000 	C:\WINDOWS\System32\RPCRT4.dll
0x00007ff8f6d30000 - 0x00007ff8f6da4000 	C:\WINDOWS\System32\WS2_32.dll
0x00007ff8e6fe0000 - 0x00007ff8e7015000 	C:\WINDOWS\SYSTEM32\WINMM.dll
0x00007ff8f5f50000 - 0x00007ff8f5fae000 	C:\WINDOWS\SYSTEM32\POWRPROF.dll
0x00007ff8e9aa0000 - 0x00007ff8e9aab000 	C:\WINDOWS\SYSTEM32\VERSION.dll
0x00007ff8f5f30000 - 0x00007ff8f5f44000 	C:\WINDOWS\SYSTEM32\UMPDC.dll
0x00007ff8f4570000 - 0x00007ff8f458b000 	C:\WINDOWS\SYSTEM32\kernel.appcore.dll
0x00007ff8e8c30000 - 0x00007ff8e8c3a000 	c:\Users\aksar\.vscode\extensions\redhat.java-1.47.0-win32-x64\jre\21.0.8-win32-x86_64\bin\jimage.dll
0x00007ff8f58c0000 - 0x00007ff8f5b02000 	C:\WINDOWS\SYSTEM32\DBGHELP.DLL
0x00007ff8f71a0000 - 0x00007ff8f751b000 	C:\WINDOWS\System32\combase.dll
0x00007ff8f7030000 - 0x00007ff8f7107000 	C:\WINDOWS\System32\OLEAUT32.dll
0x00007ff8f57b0000 - 0x00007ff8f57ed000 	C:\WINDOWS\SYSTEM32\dbgcore.DLL
0x00007ff8f6270000 - 0x00007ff8f6309000 	C:\WINDOWS\System32\bcryptPrimitives.dll
0x00007ff8e5d50000 - 0x00007ff8e5d5f000 	c:\Users\aksar\.vscode\extensions\redhat.java-1.47.0-win32-x64\jre\21.0.8-win32-x86_64\bin\instrument.dll
0x00007ff8e2aa0000 - 0x00007ff8e2abf000 	c:\Users\aksar\.vscode\extensions\redhat.java-1.47.0-win32-x64\jre\21.0.8-win32-x86_64\bin\java.dll
0x00007ff8f7b80000 - 0x00007ff8f82cd000 	C:\WINDOWS\System32\SHELL32.dll
0x00007ff8f63c0000 - 0x00007ff8f652c000 	C:\WINDOWS\System32\wintypes.dll
0x00007ff8f3410000 - 0x00007ff8f3c69000 	C:\WINDOWS\SYSTEM32\windows.storage.dll
0x00007ff8f8b00000 - 0x00007ff8f8bf0000 	C:\WINDOWS\System32\SHCORE.dll
0x00007ff8f7110000 - 0x00007ff8f7172000 	C:\WINDOWS\System32\shlwapi.dll
0x00007ff8f6010000 - 0x00007ff8f6039000 	C:\WINDOWS\SYSTEM32\profapi.dll
0x00007ff8de810000 - 0x00007ff8de828000 	c:\Users\aksar\.vscode\extensions\redhat.java-1.47.0-win32-x64\jre\21.0.8-win32-x86_64\bin\zip.dll
0x00007ff8e5bd0000 - 0x00007ff8e5be0000 	C:\Users\aksar\.vscode\extensions\redhat.java-1.47.0-win32-x64\jre\21.0.8-win32-x86_64\bin\net.dll
0x00007ff8ec000000 - 0x00007ff8ec11f000 	C:\WINDOWS\SYSTEM32\WINHTTP.dll
0x00007ff8f4ab0000 - 0x00007ff8f4b1b000 	C:\WINDOWS\system32\mswsock.dll
0x00007ff8da220000 - 0x00007ff8da236000 	C:\Users\aksar\.vscode\extensions\redhat.java-1.47.0-win32-x64\jre\21.0.8-win32-x86_64\bin\nio.dll
0x00007ff8e5aa0000 - 0x00007ff8e5ab0000 	c:\Users\aksar\.vscode\extensions\redhat.java-1.47.0-win32-x64\jre\21.0.8-win32-x86_64\bin\verify.dll
0x00007ff8c4360000 - 0x00007ff8c43a4000 	C:\Users\aksar\AppData\Roaming\Code\User\globalStorage\redhat.java\1.47.0\config_win\org.eclipse.equinox.launcher\org.eclipse.equinox.launcher.win32.win32.x86_64_1.2.1400.v20250801-0854\eclipse_11916.dll
0x00007ff8f84a0000 - 0x00007ff8f8638000 	C:\WINDOWS\System32\ole32.dll
0x00007ff8eb670000 - 0x00007ff8eb67a000 	C:\Users\aksar\.vscode\extensions\redhat.java-1.47.0-win32-x64\jre\21.0.8-win32-x86_64\bin\management.dll
0x00007ff8eb660000 - 0x00007ff8eb66b000 	C:\Users\aksar\.vscode\extensions\redhat.java-1.47.0-win32-x64\jre\21.0.8-win32-x86_64\bin\management_ext.dll
0x00007ff8f6fe0000 - 0x00007ff8f6fe8000 	C:\WINDOWS\System32\PSAPI.DLL
0x00007ff8f5c30000 - 0x00007ff8f5c4b000 	C:\WINDOWS\SYSTEM32\CRYPTSP.dll
0x00007ff8f4b20000 - 0x00007ff8f4b5b000 	C:\WINDOWS\system32\rsaenh.dll
0x00007ff8f4b90000 - 0x00007ff8f4bbb000 	C:\WINDOWS\SYSTEM32\USERENV.dll
0x00007ff8f5fe0000 - 0x00007ff8f6006000 	C:\WINDOWS\SYSTEM32\bcrypt.dll
0x00007ff8f4de0000 - 0x00007ff8f4dec000 	C:\WINDOWS\SYSTEM32\CRYPTBASE.dll
0x00007ff8f4060000 - 0x00007ff8f4094000 	C:\WINDOWS\SYSTEM32\IPHLPAPI.DLL
0x00007ff8f7680000 - 0x00007ff8f768a000 	C:\WINDOWS\System32\NSI.dll
0x00007ff89df50000 - 0x00007ff89df99000 	C:\Users\aksar\AppData\Local\Temp\jna-92882810\jna14841200332050453139.dll
0x00007ff8ec2f0000 - 0x00007ff8ec30e000 	C:\WINDOWS\SYSTEM32\dhcpcsvc6.DLL
0x00007ff8ec2c0000 - 0x00007ff8ec2e3000 	C:\WINDOWS\SYSTEM32\dhcpcsvc.DLL
0x00007ff8ed8b0000 - 0x00007ff8ed8be000 	C:\Users\aksar\.vscode\extensions\redhat.java-1.47.0-win32-x64\jre\21.0.8-win32-x86_64\bin\sunmscapi.dll
0x00007ff8f6930000 - 0x00007ff8f6aa7000 	C:\WINDOWS\System32\CRYPT32.dll
0x00007ff8f51d0000 - 0x00007ff8f5200000 	C:\WINDOWS\SYSTEM32\ncrypt.dll
0x00007ff8f5110000 - 0x00007ff8f514f000 	C:\WINDOWS\SYSTEM32\NTASN1.dll
0x00007ff8f40a0000 - 0x00007ff8f41c6000 	C:\WINDOWS\SYSTEM32\DNSAPI.dll
0x00007ff8ebb50000 - 0x00007ff8ebb5b000 	C:\Windows\System32\rasadhlp.dll
0x00007ff8ec400000 - 0x00007ff8ec486000 	C:\WINDOWS\System32\fwpuclnt.dll
0x00007ff8e6da0000 - 0x00007ff8e6da9000 	C:\Users\aksar\.vscode\extensions\redhat.java-1.47.0-win32-x64\jre\21.0.8-win32-x86_64\bin\extnet.dll

JVMTI agents:
c:\Users\aksar\.vscode\extensions\redhat.java-1.47.0-win32-x64\lombok\lombok-1.18.39-4050.jar path:c:\Users\aksar\.vscode\extensions\redhat.java-1.47.0-win32-x64\jre\21.0.8-win32-x86_64\bin\instrument.dll, loaded, initialized, instrumentlib options:none

dbghelp: loaded successfully - version: 4.0.5 - missing functions: none
symbol engine: initialized successfully - sym options: 0x614 - pdb path: .;c:\Users\aksar\.vscode\extensions\redhat.java-1.47.0-win32-x64\jre\21.0.8-win32-x86_64\bin;C:\WINDOWS\SYSTEM32;C:\WINDOWS\WinSxS\amd64_microsoft.windows.common-controls_6595b64144ccf1df_6.0.26100.5074_none_3e0d6f78e32fd63f;c:\Users\aksar\.vscode\extensions\redhat.java-1.47.0-win32-x64\jre\21.0.8-win32-x86_64\bin\server;C:\Users\aksar\AppData\Roaming\Code\User\globalStorage\redhat.java\1.47.0\config_win\org.eclipse.equinox.launcher\org.eclipse.equinox.launcher.win32.win32.x86_64_1.2.1400.v20250801-0854;C:\Users\aksar\AppData\Local\Temp\jna-92882810

VM Arguments:
jvm_args: --add-modules=ALL-SYSTEM --add-opens=java.base/java.util=ALL-UNNAMED --add-opens=java.base/java.lang=ALL-UNNAMED --add-opens=java.base/sun.nio.fs=ALL-UNNAMED -Declipse.application=org.eclipse.jdt.ls.core.id1 -Dosgi.bundles.defaultStartLevel=4 -Declipse.product=org.eclipse.jdt.ls.core.product -Djava.import.generatesMetadataFilesAtProjectRoot=false -DDetectVMInstallationsJob.disabled=true -Dfile.encoding=utf8 -XX:+UseParallelGC -XX:GCTimeRatio=4 -XX:AdaptiveSizePolicyWeight=90 -Dsun.zip.disableMemoryMapping=true -Xmx2G -Xms100m -Xlog:disable -javaagent:c:\Users\aksar\.vscode\extensions\redhat.java-1.47.0-win32-x64\lombok\lombok-1.18.39-4050.jar -XX:+HeapDumpOnOutOfMemoryError -XX:HeapDumpPath=c:\Users\aksar\AppData\Roaming\Code\User\workspaceStorage\3f7f6bfb4b23ee495e79101ab5641bd4\redhat.java -Daether.dependencyCollector.impl=bf 
java_command: c:\Users\aksar\.vscode\extensions\redhat.java-1.47.0-win32-x64\server\plugins\org.eclipse.equinox.launcher_1.7.100.v20251014-1222.jar -configuration c:\Users\aksar\AppData\Roaming\Code\User\globalStorage\redhat.java\1.47.0\config_win -data c:\Users\aksar\AppData\Roaming\Code\User\workspaceStorage\3f7f6bfb4b23ee495e79101ab5641bd4\redhat.java\jdt_ws --pipe=\\.\pipe\lsp-668645dbb3a17823545feb6aa13f9f50-sock
java_class_path (initial): c:\Users\aksar\.vscode\extensions\redhat.java-1.47.0-win32-x64\server\plugins\org.eclipse.equinox.launcher_1.7.100.v20251014-1222.jar
Launcher Type: SUN_STANDARD

[Global flags]
    uintx AdaptiveSizePolicyWeight                 = 90                                        {product} {command line}
     intx CICompilerCount                          = 4                                         {product} {ergonomic}
    uintx GCTimeRatio                              = 4                                         {product} {command line}
     bool HeapDumpOnOutOfMemoryError               = true                                   {manageable} {command line}
    ccstr HeapDumpPath                             = c:\Users\aksar\AppData\Roaming\Code\User\workspaceStorage\3f7f6bfb4b23ee495e79101ab5641bd4\redhat.java         {manageable} {command line}
   size_t InitialHeapSize                          = 104857600                                 {product} {command line}
   size_t MaxHeapSize                              = 2147483648                                {product} {command line}
   size_t MaxNewSize                               = 715653120                                 {product} {ergonomic}
   size_t MinHeapDeltaBytes                        = 524288                                    {product} {ergonomic}
   size_t MinHeapSize                              = 104857600                                 {product} {command line}
   size_t NewSize                                  = 34603008                                  {product} {ergonomic}
    uintx NonNMethodCodeHeapSize                   = 5839372                                {pd product} {ergonomic}
    uintx NonProfiledCodeHeapSize                  = 122909434                              {pd product} {ergonomic}
   size_t OldSize                                  = 70254592                                  {product} {ergonomic}
    uintx ProfiledCodeHeapSize                     = 122909434                              {pd product} {ergonomic}
    uintx ReservedCodeCacheSize                    = 251658240                              {pd product} {ergonomic}
     bool SegmentedCodeCache                       = true                                      {product} {ergonomic}
   size_t SoftMaxHeapSize                          = 2147483648                             {manageable} {ergonomic}
     bool UseCompressedOops                        = true                           {product lp64_product} {ergonomic}
     bool UseLargePagesIndividualAllocation        = false                                  {pd product} {ergonomic}
     bool UseParallelGC                            = true                                      {product} {command line}

Logging:
Log output configuration:
 #0: stdout all=off uptime,level,tags foldmultilines=false
 #1: stderr all=off uptime,level,tags foldmultilines=false

Environment Variables:
JAVA_HOME=C:\Program Files\Eclipse Adoptium\jdk-25.0.1.8-hotspot
PATH=C:\Program Files\Eclipse Adoptium\jdk-25.0.1.8-hotspot\bin;C:\Program Files\Java\bin;C:\Python313\Scripts\;C:\Python313\;C:\Users\aksar\AppData\Local\Programs\Python\Python312;C:\Users\aksar\AppData\Local\Programs\Python\Python312\Scripts;C:\Program Files (x86)\VMware\VMware Workstation\bin\;C:\WINDOWS\system32;C:\WINDOWS;C:\WINDOWS\System32\Wbem;C:\WINDOWS\System32\WindowsPowerShell\v1.0\;C:\WINDOWS\System32\OpenSSH\;C:\Program Files\dotnet\;C:\Program Files\Git LFS;C:\Program Files\WireGuard\;C:\apache-maven-3.9.9\bin;D:\Git\cmd;D:\nodejs\;C:\ProgramData\chocolatey\bin;D:\platform-tools;;C:\Program Files\Docker\Docker\resources\bin;C:\Users\aksar\dev\flutter\bin;C:\Users\aksar\dev\flutter\bin\cache\dart-sdk;C:\Users\aksar\AppData\Local\Programs\Python\Python312;C:\Users\aksar\AppData\Local\Microsoft\WindowsApps;C:\Users\aksar\AppData\Local\JetBrains\Toolbox\scripts;C:\Users\aksar\AppData\Local\gitkraken\bin;C:\Program Files\JetBrains\PyCharm Community Edition 2024.1.1\bin;C:\Users\aksar\AppData\Roaming\Programs\Zero Install;C:\Users\aksar\AppData\Local\Programs\Microsoft VS Code\bin;C:\Users\aksar\AppData\Local\Microsoft\WindowsApps;C:\apache-maven-3.9.9\bin;C:\Program Files\JetBrains\IntelliJ IDEA Community Edition 2024.3.4.1\bin;;C:\Users\aksar\AppData\Roaming\npm;C:\Users\aksar\.dotnet\tools;C:\Users\aksar\AppData\Local\GitHubDesktop\bin
USERNAME=aksar
OS=Windows_NT
PROCESSOR_IDENTIFIER=Intel64 Family 6 Model 141 Stepping 1, GenuineIntel
TMP=C:\Users\aksar\AppData\Local\Temp
TEMP=C:\Users\aksar\AppData\Local\Temp




Periodic native trim disabled

---------------  S Y S T E M  ---------------

OS:
 Windows 11 , 64 bit Build 26100 (10.0.26100.5074)
OS uptime: 19 days 3:06 hours
Hyper-V role detected

CPU: total 12 (initial active 12) (6 cores per cpu, 2 threads per core) family 6 model 141 stepping 1 microcode 0x34, cx8, cmov, fxsr, ht, mmx, 3dnowpref, sse, sse2, sse3, ssse3, sse4.1, sse4.2, popcnt, lzcnt, tsc, tscinvbit, avx, avx2, aes, erms, clmul, bmi1, bmi2, adx, avx512f, avx512dq, avx512cd, avx512bw, avx512vl, sha, fma, vzeroupper, avx512_vpopcntdq, avx512_vpclmulqdq, avx512_vaes, avx512_vnni, clflush, clflushopt, clwb, avx512_vbmi2, avx512_vbmi, hv, rdtscp, rdpid, fsrm, gfni, avx512_bitalg, f16c, cet_ibt, cet_ss, avx512_ifma
Processor Information for the first 12 processors :
  Max Mhz: 2688, Current Mhz: 2688, Mhz Limit: 2688

Memory: 4k page, system-wide physical 16105M (2354M free)
TotalPageFile size 23273M (AvailPageFile size 47M)
current process WorkingSet (physical memory assigned to process): 43M, peak: 301M
current process commit charge ("private bytes"): 357M, peak: 387M

vm_info: OpenJDK 64-Bit Server VM (21.0.8+9-LTS) for windows-amd64 JRE (21.0.8+9-LTS), built on 2025-07-15T00:00:00Z by "admin" with MS VC++ 17.7 (VS2022)

END.
